#
# A fatal error has been detected by the Java Runtime Environment:
#
#  SIGSEGV (0xb) at pc=0xb5927fff, pid=16897, tid=3004742512
#
# JRE version: 6.0_24-b24
# Java VM: OpenJDK Client VM (20.0-b12 mixed mode, sharing linux-x86 )
# Derivative: IcedTea6 1.11.3
# Distribution: Ubuntu 11.10, package 6b24-1.11.3-1ubuntu0.11.10.1
# Problematic frame:
# J  clojure.core$maybe_min_hash$fn__4949.invoke(Ljava/lang/Object;)Ljava/lang/Object;
#
# If you would like to submit a bug report, please include
# instructions how to reproduce the bug and visit:
#   https://bugs.launchpad.net/ubuntu/+source/openjdk-6/
#

---------------  T H R E A D  ---------------

Current thread (0xb4306400):  JavaThread "Thread-26" [_thread_in_Java, id=17013, stack(0xb313b000,0xb318c000)]

siginfo:si_signo=SIGSEGV: si_errno=0, si_code=128 (), si_addr=0x00000000

Registers:
EAX=0x7a359b98, EBX=0x8f993e28, ECX=0x6f864e98, EDX=0x00000000
ESP=0xb318aa20, EBP=0xb318abc4, ESI=0x00000000, EDI=0x00000000
EIP=0xb5927fff, EFLAGS=0x00010246, CR2=0xb77c1d00

Top of Stack: (sp=0xb318aa20)
0xb318aa20:   00000001 00000000 7a359c38 b5763463
0xb318aa30:   6f84dba0 b5763463 6f86cf18 7a39bf30
0xb318aa40:   7a343570 b318aa44 8fd5feb3 b318aa7c
0xb318aa50:   6f864e98 6f84dbd0 7a359b98 00000000
0xb318aa60:   b318aa80 b318abc4 b587e570 00000000
0xb318aa70:   00000000 00000000 b318abc4 b587e570
0xb318aa80:   00000015 00000000 b318ab44 b587bcb4
0xb318aa90:   00000000 01fc3828 b318ac3c b580c27c 

Instructions: (pc=0xb5927fff)
0xb5927fdf:   c7 04 24 00 00 00 00 90 e8 64 54 e6 ff 89 44 24
0xb5927fef:   38 c7 44 24 04 00 00 00 00 c7 04 24 01 00 00 00
0xb5927fff:   e8 4c 54 e6 ff 8b 54 24 30 83 fa 00 0f 84 37 00
0xb592800f:   00 00 8b 72 04 81 7e 14 d8 82 94 8f 0f 84 2b 00 

Register to memory mapping:

EAX=0x7a359b98 is an oop
java.lang.Long 
 - klass: 'java/lang/Long'
EBX=0x8f993e28 is an oop
{method} 
 - klass: {other class}
ECX=
[error occurred during error reporting (printing register info), id 0xb]

Stack: [0xb313b000,0xb318c000],  sp=0xb318aa20,  free space=318k
Native frames: (J=compiled Java code, j=interpreted, Vv=VM code, C=native code)
J  clojure.core$maybe_min_hash$fn__4949.invoke(Ljava/lang/Object;)Ljava/lang/Object;
J  clojure.lang.RT.first(Ljava/lang/Object;)Ljava/lang/Object;
j  clojure.core$expand_method_impl_cache.invoke(Ljava/lang/Object;Ljava/lang/Object;Ljava/lang/Object;)Ljava/lang/Object;+271
j  clojure.core$_cache_protocol_fn.invoke(Ljava/lang/Object;Ljava/lang/Object;Ljava/lang/Object;Ljava/lang/Object;)Ljava/lang/Object;+246
j  clojure.core.protocols$fn__5828$G__5823__5841.invoke(Ljava/lang/Object;Ljava/lang/Object;Ljava/lang/Object;)Ljava/lang/Object;+85
j  clojure.core$reduce.invoke(Ljava/lang/Object;Ljava/lang/Object;Ljava/lang/Object;)Ljava/lang/Object;+43
j  backtype.storm.util$bit_xor_vals.invoke(Ljava/lang/Object;)Ljava/lang/Object;+21
j  backtype.storm.daemon.executor$fn__3968$send_spout_msg__3998.invoke(Ljava/lang/Object;Ljava/lang/Object;Ljava/lang/Object;Ljava/lang/Object;)Ljava/lang/Object;+557
j  backtype.storm.daemon.executor$fn$reify__4007.emit(Ljava/lang/String;Ljava/util/List;Ljava/lang/Object;)Ljava/util/List;+17
j  backtype.storm.spout.SpoutOutputCollector.emit(Ljava/lang/String;Ljava/util/List;Ljava/lang/Object;)Ljava/util/List;+7
j  backtype.storm.spout.ShellSpout.querySubprocess(Ljava/lang/Object;)V+159
j  backtype.storm.spout.ShellSpout.nextTuple()V+35
j  backtype.storm.daemon.executor$fn__3968$fn__4009$fn__4010.invoke()Ljava/lang/Object;+544
j  backtype.storm.util$async_loop$fn__465.invoke()Ljava/lang/Object;+39
j  clojure.lang.AFn.run()V+1
j  java.lang.Thread.run()V+11
v  ~StubRoutines::call_stub
V  [libjvm.so+0x20fb36]  JavaCalls::call_helper(JavaValue*, methodHandle*, JavaCallArguments*, Thread*)+0x2c6


---------------  P R O C E S S  ---------------

Java Threads: ( => current thread )
  0xb4501400 JavaThread "process reaper" daemon [_thread_in_native, id=17015, stack(0xb3099000,0xb30ea000)]
  0xb4500400 JavaThread "Thread-27" [_thread_blocked, id=17014, stack(0xb30ea000,0xb313b000)]
=>0xb4306400 JavaThread "Thread-26" [_thread_in_Java, id=17013, stack(0xb313b000,0xb318c000)]
  0xb4307c00 JavaThread "process reaper" daemon [_thread_in_native, id=17007, stack(0xb318c000,0xb31dd000)]
  0xb4304000 JavaThread "Thread-25" [_thread_blocked, id=17006, stack(0xb31dd000,0xb322e000)]
  0xb4302800 JavaThread "Thread-24" [_thread_blocked, id=17005, stack(0xb322e000,0xb327f000)]
  0xb4301000 JavaThread "Thread-23" [_thread_blocked, id=17004, stack(0xb327f000,0xb32d0000)]
  0xb4724000 JavaThread "Thread-22" [_thread_in_native, id=17003, stack(0xb32d0000,0xb3321000)]
  0xb4722c00 JavaThread "process reaper" daemon [_thread_in_native, id=16997, stack(0xb3321000,0xb3372000)]
  0xb4725c00 JavaThread "Thread-21" [_thread_blocked, id=16996, stack(0xb3372000,0xb33c3000)]
  0xb4700400 JavaThread "Thread-20" [_thread_blocked, id=16995, stack(0xb33c3000,0xb3414000)]
  0xb470c400 JavaThread "Thread-19" [_thread_blocked, id=16994, stack(0xb3414000,0xb3465000)]
  0xb470c000 JavaThread "Thread-18" [_thread_in_native, id=16993, stack(0xb3465000,0xb34b6000)]
  0xb47ae000 JavaThread "process reaper" daemon [_thread_in_native, id=16987, stack(0xb34b6000,0xb3507000)]
  0xb4727800 JavaThread "Thread-17" [_thread_blocked, id=16986, stack(0xb3cf0000,0xb3d41000)]
  0xb47a6c00 JavaThread "Thread-16" daemon [_thread_blocked, id=16985, stack(0xb3507000,0xb3558000)]
  0xb47a5400 JavaThread "Thread-15" daemon [_thread_blocked, id=16984, stack(0xb3558000,0xb35a9000)]
  0xb47a3c00 JavaThread "Thread-14" daemon [_thread_blocked, id=16983, stack(0xb35a9000,0xb35fa000)]
  0xb47a2400 JavaThread "Thread-13" daemon [_thread_blocked, id=16982, stack(0xb35fa000,0xb364b000)]
  0xb4324c00 JavaThread "Thread-12" daemon [_thread_blocked, id=16981, stack(0xb364b000,0xb369c000)]
  0x088ab000 JavaThread "CuratorFramework-11" [_thread_blocked, id=16980, stack(0xb369c000,0xb36ed000)]
  0x08888000 JavaThread "ConnectionStateManager-0" [_thread_blocked, id=16979, stack(0xb3b0a000,0xb3b5b000)]
  0x08899800 JavaThread "Thread-9-EventThread" daemon [_thread_blocked, id=16978, stack(0xb38d3000,0xb3924000)]
  0x0889b000 JavaThread "Thread-9-SendThread(localhost:2000)" daemon [_thread_in_native, id=16977, stack(0xb36ed000,0xb373e000)]
  0xb47be800 JavaThread "Thread-9" [_thread_in_native, id=16968, stack(0xb373e000,0xb378f000)]
  0xb4236c00 JavaThread "Thread-8" [_thread_blocked, id=16967, stack(0xb3e85000,0xb3ed6000)]
  0xb47bcc00 JavaThread "CuratorFramework-9" [_thread_blocked, id=16966, stack(0xb378f000,0xb37e0000)]
  0xb45bb000 JavaThread "ConnectionStateManager-0" [_thread_blocked, id=16965, stack(0xb3831000,0xb3882000)]
  0xb45b9800 JavaThread "main-EventThread" daemon [_thread_blocked, id=16964, stack(0xb3882000,0xb38d3000)]
  0xb45b8000 JavaThread "main-SendThread(localhost:2000)" daemon [_thread_in_native, id=16963, stack(0xb37e0000,0xb3831000)]
  0xb47eb000 JavaThread "Thread-7" daemon [_thread_blocked, id=16958, stack(0xb3924000,0xb3975000)]
  0xb432e800 JavaThread "Thread-6" [_thread_blocked, id=16957, stack(0xb3975000,0xb39c6000)]
  0xb47e8000 JavaThread "Thread-5" [_thread_blocked, id=16956, stack(0xb401a000,0xb406b000)]
  0xb432c800 JavaThread "CuratorFramework-7" [_thread_blocked, id=16955, stack(0xb39c6000,0xb3a17000)]
  0xb4329c00 JavaThread "ConnectionStateManager-0" [_thread_blocked, id=16954, stack(0xb3a68000,0xb3ab9000)]
  0xb4328400 JavaThread "main-EventThread" daemon [_thread_blocked, id=16953, stack(0xb3ab9000,0xb3b0a000)]
  0xb4326c00 JavaThread "main-SendThread(localhost:2000)" daemon [_thread_in_native, id=16952, stack(0xb3a17000,0xb3a68000)]
  0xb4319400 JavaThread "Thread-4" daemon [_thread_blocked, id=16947, stack(0xb3b5b000,0xb3bac000)]
  0xb45d6c00 JavaThread "CuratorFramework-5" [_thread_blocked, id=16946, stack(0xb3bac000,0xb3bfd000)]
  0xb45d3400 JavaThread "ConnectionStateManager-0" [_thread_blocked, id=16945, stack(0xb3c4e000,0xb3c9f000)]
  0xb45d1400 JavaThread "main-EventThread" daemon [_thread_blocked, id=16944, stack(0xb3c9f000,0xb3cf0000)]
  0xb45cfc00 JavaThread "main-SendThread(localhost:2000)" daemon [_thread_in_native, id=16943, stack(0xb3bfd000,0xb3c4e000)]
  0xb423d800 JavaThread "CuratorFramework-3" [_thread_blocked, id=16938, stack(0xb3d41000,0xb3d92000)]
  0xb4239400 JavaThread "ConnectionStateManager-0" [_thread_blocked, id=16937, stack(0xb3de3000,0xb3e34000)]
  0xb423ac00 JavaThread "main-EventThread" daemon [_thread_blocked, id=16936, stack(0xb3d92000,0xb3de3000)]
  0xb4237c00 JavaThread "main-SendThread(localhost:2000)" daemon [_thread_in_native, id=16935, stack(0xb3e34000,0xb3e85000)]
  0xb4230400 JavaThread "CuratorFramework-1" [_thread_blocked, id=16930, stack(0xb3ed6000,0xb3f27000)]
  0xb47ec400 JavaThread "ConnectionStateManager-0" [_thread_blocked, id=16929, stack(0xb3f78000,0xb3fc9000)]
  0xb47e9400 JavaThread "main-EventThread" daemon [_thread_blocked, id=16928, stack(0xb3fc9000,0xb401a000)]
  0xb47edc00 JavaThread "main-SendThread(localhost:2000)" daemon [_thread_in_native, id=16927, stack(0xb3f27000,0xb3f78000)]
  0x08703000 JavaThread "Thread-3" daemon [_thread_blocked, id=16922, stack(0xb406b000,0xb40bc000)]
  0x086bb400 JavaThread "Thread-2" daemon [_thread_blocked, id=16921, stack(0xb40bc000,0xb410d000)]
  0x086ee800 JavaThread "Thread-1" daemon [_thread_blocked, id=16920, stack(0xb410d000,0xb415e000)]
  0x08747400 JavaThread "ProcessThread:-1" [_thread_blocked, id=16919, stack(0xb415e000,0xb41af000)]
  0x086af400 JavaThread "SyncThread:0" [_thread_blocked, id=16918, stack(0xb41af000,0xb4200000)]
  0x0878bc00 JavaThread "SessionTracker" [_thread_blocked, id=16917, stack(0xb4b2a000,0xb4b7b000)]
  0x086a8400 JavaThread "NIOServerCxn.Factory:0.0.0.0/0.0.0.0:2000" daemon [_thread_in_native, id=16916, stack(0xb4b7b000,0xb4bcc000)]
  0x085bc400 JavaThread "Low Memory Detector" daemon [_thread_blocked, id=16914, stack(0xb4f12000,0xb4f63000)]
  0x085b9c00 JavaThread "C1 CompilerThread0" daemon [_thread_blocked, id=16913, stack(0xb4d7f000,0xb4e00000)]
  0x085b8000 JavaThread "Signal Dispatcher" daemon [_thread_blocked, id=16912, stack(0xb4f63000,0xb4fb4000)]
  0x085b4000 JavaThread "Finalizer" daemon [_thread_blocked, id=16911, stack(0xb51f5000,0xb5246000)]
  0x085af400 JavaThread "Reference Handler" daemon [_thread_blocked, id=16910, stack(0xb5246000,0xb5297000)]
  0x08581800 JavaThread "main" [_thread_blocked, id=16908, stack(0xb7760000,0xb77b1000)]

Other Threads:
  0x085ad800 VMThread [stack: 0xb5297000,0xb5318000] [id=16909]
  0x085c6c00 WatcherThread [stack: 0xb4cfe000,0xb4d7f000] [id=16915]

VM state:not at safepoint (normal execution)

VM Mutex/Monitor currently owned by a thread: None

Heap
 def new generation   total 4928K, used 764K [0x6f830000, 0x6fd80000, 0x7a2d0000)
  eden space 4416K,   5% used [0x6f830000, 0x6f86f280, 0x6fc80000)
  from space 512K, 100% used [0x6fc80000, 0x6fd00000, 0x6fd00000)
  to   space 512K,   0% used [0x6fd00000, 0x6fd00000, 0x6fd80000)
 tenured generation   total 10944K, used 5137K [0x7a2d0000, 0x7ad80000, 0x8f830000)
   the space 10944K,  46% used [0x7a2d0000, 0x7a7d4458, 0x7a7d4600, 0x7ad80000)
 compacting perm gen  total 16128K, used 16124K [0x8f830000, 0x907f0000, 0x93830000)
   the space 16128K,  99% used [0x8f830000, 0x907ef2c0, 0x907ef400, 0x907f0000)
    ro space 10240K,  73% used [0x93830000, 0x93f90da0, 0x93f90e00, 0x94230000)
    rw space 12288K,  60% used [0x94230000, 0x9497a478, 0x9497a600, 0x94e30000)

Code Cache  [0xb5760000, 0xb5930000, 0xb7760000)
 total_blobs=1120 nmethods=947 adapters=108 free_code_cache=31684736 largest_free_block=192

Dynamic libraries:
00110000-001ee000 r-xp 00000000 08:01 792108     /usr/lib/i386-linux-gnu/libstdc++.so.6.0.16
001ee000-001ef000 ---p 000de000 08:01 792108     /usr/lib/i386-linux-gnu/libstdc++.so.6.0.16
001ef000-001f3000 r--p 000de000 08:01 792108     /usr/lib/i386-linux-gnu/libstdc++.so.6.0.16
001f3000-001f4000 rw-p 000e2000 08:01 792108     /usr/lib/i386-linux-gnu/libstdc++.so.6.0.16
001f4000-001fb000 rw-p 00000000 00:00 0 
001fb000-00203000 r-xp 00000000 08:01 1049547    /lib/i386-linux-gnu/libnss_compat-2.13.so
00203000-00204000 r--p 00007000 08:01 1049547    /lib/i386-linux-gnu/libnss_compat-2.13.so
00204000-00205000 rw-p 00008000 08:01 1049547    /lib/i386-linux-gnu/libnss_compat-2.13.so
00205000-0020f000 r-xp 00000000 08:01 1049555    /lib/i386-linux-gnu/libnss_nis-2.13.so
0020f000-00210000 r--p 00009000 08:01 1049555    /lib/i386-linux-gnu/libnss_nis-2.13.so
00210000-00211000 rw-p 0000a000 08:01 1049555    /lib/i386-linux-gnu/libnss_nis-2.13.so
00211000-0021c000 r-xp 00000000 08:01 1049551    /lib/i386-linux-gnu/libnss_files-2.13.so
0021c000-0021d000 r--p 0000a000 08:01 1049551    /lib/i386-linux-gnu/libnss_files-2.13.so
0021d000-0021e000 rw-p 0000b000 08:01 1049551    /lib/i386-linux-gnu/libnss_files-2.13.so
0021e000-00233000 r-xp 00000000 08:01 936954     /usr/lib/jvm/java-6-openjdk/jre/lib/i386/libnet.so
00233000-00234000 r--p 00014000 08:01 936954     /usr/lib/jvm/java-6-openjdk/jre/lib/i386/libnet.so
00234000-00235000 rw-p 00015000 08:01 936954     /usr/lib/jvm/java-6-openjdk/jre/lib/i386/libnet.so
00235000-0023c000 r-xp 00000000 08:01 936966     /usr/lib/jvm/java-6-openjdk/jre/lib/i386/libmanagement.so
0023c000-0023d000 r--p 00006000 08:01 936966     /usr/lib/jvm/java-6-openjdk/jre/lib/i386/libmanagement.so
0023d000-0023e000 rw-p 00007000 08:01 936966     /usr/lib/jvm/java-6-openjdk/jre/lib/i386/libmanagement.so
0029f000-002aa000 r-xp 00000000 08:01 936947     /usr/lib/jvm/java-6-openjdk/jre/lib/i386/libverify.so
002aa000-002ab000 ---p 0000b000 08:01 936947     /usr/lib/jvm/java-6-openjdk/jre/lib/i386/libverify.so
002ab000-002ac000 r--p 0000b000 08:01 936947     /usr/lib/jvm/java-6-openjdk/jre/lib/i386/libverify.so
002ac000-002ad000 rw-p 0000c000 08:01 936947     /usr/lib/jvm/java-6-openjdk/jre/lib/i386/libverify.so
00345000-0034d000 r-xp 00000000 08:01 936941     /usr/lib/jvm/java-6-openjdk/jre/lib/i386/libnio.so
0034d000-0034e000 r--p 00007000 08:01 936941     /usr/lib/jvm/java-6-openjdk/jre/lib/i386/libnio.so
0034e000-0034f000 rw-p 00008000 08:01 936941     /usr/lib/jvm/java-6-openjdk/jre/lib/i386/libnio.so
00356000-00369000 r-xp 00000000 08:01 1049593    /lib/i386-linux-gnu/libz.so.1.2.3.4
00369000-0036a000 r--p 00012000 08:01 1049593    /lib/i386-linux-gnu/libz.so.1.2.3.4
0036a000-0036b000 rw-p 00013000 08:01 1049593    /lib/i386-linux-gnu/libz.so.1.2.3.4
00430000-0044c000 r-xp 00000000 08:01 1049531    /lib/i386-linux-gnu/libgcc_s.so.1
0044c000-0044d000 r--p 0001b000 08:01 1049531    /lib/i386-linux-gnu/libgcc_s.so.1
0044d000-0044e000 rw-p 0001c000 08:01 1049531    /lib/i386-linux-gnu/libgcc_s.so.1
005f5000-0060a000 r-xp 00000000 08:01 1049545    /lib/i386-linux-gnu/libnsl-2.13.so
0060a000-0060b000 r--p 00015000 08:01 1049545    /lib/i386-linux-gnu/libnsl-2.13.so
0060b000-0060c000 rw-p 00016000 08:01 1049545    /lib/i386-linux-gnu/libnsl-2.13.so
0060c000-0060e000 rw-p 00000000 00:00 0 
0077b000-0077c000 r-xp 00000000 00:00 0          [vdso]
007f3000-00811000 r-xp 00000000 08:01 1049497    /lib/i386-linux-gnu/ld-2.13.so
00811000-00812000 r--p 0001d000 08:01 1049497    /lib/i386-linux-gnu/ld-2.13.so
00812000-00813000 rw-p 0001e000 08:01 1049497    /lib/i386-linux-gnu/ld-2.13.so
0087f000-008a7000 r-xp 00000000 08:01 1049540    /lib/i386-linux-gnu/libm-2.13.so
008a7000-008a8000 r--p 00028000 08:01 1049540    /lib/i386-linux-gnu/libm-2.13.so
008a8000-008a9000 rw-p 00029000 08:01 1049540    /lib/i386-linux-gnu/libm-2.13.so
008d1000-008d5000 r-xp 00000000 08:01 936956     /usr/lib/jvm/java-6-openjdk/jre/lib/i386/jli/libjli.so
008d5000-008d6000 r--p 00003000 08:01 936956     /usr/lib/jvm/java-6-openjdk/jre/lib/i386/jli/libjli.so
008d6000-008d7000 rw-p 00004000 08:01 936956     /usr/lib/jvm/java-6-openjdk/jre/lib/i386/jli/libjli.so
0099e000-009a5000 r-xp 00000000 08:01 936940     /usr/lib/jvm/java-6-openjdk/jre/lib/i386/libzip.so
009a5000-009a6000 r--p 00006000 08:01 936940     /usr/lib/jvm/java-6-openjdk/jre/lib/i386/libzip.so
009a6000-009a7000 rw-p 00007000 08:01 936940     /usr/lib/jvm/java-6-openjdk/jre/lib/i386/libzip.so
00aa8000-00ace000 r-xp 00000000 08:01 936960     /usr/lib/jvm/java-6-openjdk/jre/lib/i386/libjava.so
00ace000-00acf000 r--p 00025000 08:01 936960     /usr/lib/jvm/java-6-openjdk/jre/lib/i386/libjava.so
00acf000-00ad1000 rw-p 00026000 08:01 936960     /usr/lib/jvm/java-6-openjdk/jre/lib/i386/libjava.so
00b21000-00b38000 r-xp 00000000 08:01 1049570    /lib/i386-linux-gnu/libpthread-2.13.so
00b38000-00b39000 r--p 00016000 08:01 1049570    /lib/i386-linux-gnu/libpthread-2.13.so
00b39000-00b3a000 rw-p 00017000 08:01 1049570    /lib/i386-linux-gnu/libpthread-2.13.so
00b3a000-00b3c000 rw-p 00000000 00:00 0 
00c6c000-00de2000 r-xp 00000000 08:01 1049510    /lib/i386-linux-gnu/libc-2.13.so
00de2000-00de4000 r--p 00176000 08:01 1049510    /lib/i386-linux-gnu/libc-2.13.so
00de4000-00de5000 rw-p 00178000 08:01 1049510    /lib/i386-linux-gnu/libc-2.13.so
00de5000-00de8000 rw-p 00000000 00:00 0 
00e56000-00e5d000 r-xp 00000000 08:01 1049574    /lib/i386-linux-gnu/librt-2.13.so
00e5d000-00e5e000 r--p 00006000 08:01 1049574    /lib/i386-linux-gnu/librt-2.13.so
00e5e000-00e5f000 rw-p 00007000 08:01 1049574    /lib/i386-linux-gnu/librt-2.13.so
00fdb000-00fde000 r-xp 00000000 08:01 1049521    /lib/i386-linux-gnu/libdl-2.13.so
00fde000-00fdf000 r--p 00002000 08:01 1049521    /lib/i386-linux-gnu/libdl-2.13.so
00fdf000-00fe0000 rw-p 00003000 08:01 1049521    /lib/i386-linux-gnu/libdl-2.13.so
00fe0000-014f3000 r-xp 00000000 08:01 936967     /usr/lib/jvm/java-6-openjdk/jre/lib/i386/client/libjvm.so
014f3000-0150a000 r--p 00512000 08:01 936967     /usr/lib/jvm/java-6-openjdk/jre/lib/i386/client/libjvm.so
0150a000-01517000 rw-p 00529000 08:01 936967     /usr/lib/jvm/java-6-openjdk/jre/lib/i386/client/libjvm.so
01517000-0192f000 rw-p 00000000 00:00 0 
08048000-08051000 r-xp 00000000 08:01 934838     /usr/lib/jvm/java-6-openjdk/jre/bin/java
08051000-08052000 r--p 00008000 08:01 934838     /usr/lib/jvm/java-6-openjdk/jre/bin/java
08052000-08053000 rw-p 00009000 08:01 934838     /usr/lib/jvm/java-6-openjdk/jre/bin/java
08579000-088f8000 rw-p 00000000 00:00 0          [heap]
6f830000-6fd80000 rw-p 00000000 00:00 0 
6fd80000-7a2d0000 rw-p 00000000 00:00 0 
7a2d0000-7ad80000 rw-p 00000000 00:00 0 
7ad80000-8f830000 rw-p 00000000 00:00 0 
8f830000-907f0000 rw-p 00000000 00:00 0 
907f0000-93830000 rw-p 00000000 00:00 0 
93830000-93f91000 r--s 00001000 08:01 935485     /usr/lib/jvm/java-6-openjdk/jre/lib/i386/client/classes.jsa
93f91000-94230000 rw-p 00000000 00:00 0 
94230000-9497b000 rw-p 00762000 08:01 935485     /usr/lib/jvm/java-6-openjdk/jre/lib/i386/client/classes.jsa
9497b000-94e30000 rw-p 00000000 00:00 0 
94e30000-94f2c000 rw-p 00ead000 08:01 935485     /usr/lib/jvm/java-6-openjdk/jre/lib/i386/client/classes.jsa
94f2c000-95230000 rw-p 00000000 00:00 0 
95230000-95238000 r-xs 00fa9000 08:01 935485     /usr/lib/jvm/java-6-openjdk/jre/lib/i386/client/classes.jsa
95238000-95630000 rw-p 00000000 00:00 0 
b3099000-b309c000 ---p 00000000 00:00 0 
b309c000-b30ea000 rw-p 00000000 00:00 0 
b30ea000-b30ed000 ---p 00000000 00:00 0 
b30ed000-b313b000 rw-p 00000000 00:00 0 
b313b000-b313e000 ---p 00000000 00:00 0 
b313e000-b318c000 rw-p 00000000 00:00 0 
b318c000-b318f000 ---p 00000000 00:00 0 
b318f000-b31dd000 rw-p 00000000 00:00 0 
b31dd000-b31e0000 ---p 00000000 00:00 0 
b31e0000-b322e000 rw-p 00000000 00:00 0 
b322e000-b3231000 ---p 00000000 00:00 0 
b3231000-b327f000 rw-p 00000000 00:00 0 
b327f000-b3282000 ---p 00000000 00:00 0 
b3282000-b32d0000 rw-p 00000000 00:00 0 
b32d0000-b32d3000 ---p 00000000 00:00 0 
b32d3000-b3321000 rw-p 00000000 00:00 0 
b3321000-b3324000 ---p 00000000 00:00 0 
b3324000-b3372000 rw-p 00000000 00:00 0 
b3372000-b3375000 ---p 00000000 00:00 0 
b3375000-b33c3000 rw-p 00000000 00:00 0 
b33c3000-b33c6000 ---p 00000000 00:00 0 
b33c6000-b3414000 rw-p 00000000 00:00 0 
b3414000-b3417000 ---p 00000000 00:00 0 
b3417000-b3465000 rw-p 00000000 00:00 0 
b3465000-b3468000 ---p 00000000 00:00 0 
b3468000-b34b6000 rw-p 00000000 00:00 0 
b34b6000-b34b9000 ---p 00000000 00:00 0 
b34b9000-b3507000 rw-p 00000000 00:00 0 
b3507000-b350a000 ---p 00000000 00:00 0 
b350a000-b3558000 rw-p 00000000 00:00 0 
b3558000-b355b000 ---p 00000000 00:00 0 
b355b000-b35a9000 rw-p 00000000 00:00 0 
b35a9000-b35ac000 ---p 00000000 00:00 0 
b35ac000-b35fa000 rw-p 00000000 00:00 0 
b35fa000-b35fd000 ---p 00000000 00:00 0 
b35fd000-b364b000 rw-p 00000000 00:00 0 
b364b000-b364e000 ---p 00000000 00:00 0 
b364e000-b369c000 rw-p 00000000 00:00 0 
b369c000-b369f000 ---p 00000000 00:00 0 
b369f000-b36ed000 rw-p 00000000 00:00 0 
b36ed000-b36f0000 ---p 00000000 00:00 0 
b36f0000-b373e000 rw-p 00000000 00:00 0 
b373e000-b3741000 ---p 00000000 00:00 0 
b3741000-b378f000 rw-p 00000000 00:00 0 
b378f000-b3792000 ---p 00000000 00:00 0 
b3792000-b37e0000 rw-p 00000000 00:00 0 
b37e0000-b37e3000 ---p 00000000 00:00 0 
b37e3000-b3831000 rw-p 00000000 00:00 0 
b3831000-b3834000 ---p 00000000 00:00 0 
b3834000-b3882000 rw-p 00000000 00:00 0 
b3882000-b3885000 ---p 00000000 00:00 0 
b3885000-b38d3000 rw-p 00000000 00:00 0 
b38d3000-b38d6000 ---p 00000000 00:00 0 
b38d6000-b3924000 rw-p 00000000 00:00 0 
b3924000-b3927000 ---p 00000000 00:00 0 
b3927000-b3975000 rw-p 00000000 00:00 0 
b3975000-b3978000 ---p 00000000 00:00 0 
b3978000-b39c6000 rw-p 00000000 00:00 0 
b39c6000-b39c9000 ---p 00000000 00:00 0 
b39c9000-b3a17000 rw-p 00000000 00:00 0 
b3a17000-b3a1a000 ---p 00000000 00:00 0 
b3a1a000-b3a68000 rw-p 00000000 00:00 0 
b3a68000-b3a6b000 ---p 00000000 00:00 0 
b3a6b000-b3ab9000 rw-p 00000000 00:00 0 
b3ab9000-b3abc000 ---p 00000000 00:00 0 
b3abc000-b3b0a000 rw-p 00000000 00:00 0 
b3b0a000-b3b0d000 ---p 00000000 00:00 0 
b3b0d000-b3b5b000 rw-p 00000000 00:00 0 
b3b5b000-b3b5e000 ---p 00000000 00:00 0 
b3b5e000-b3bac000 rw-p 00000000 00:00 0 
b3bac000-b3baf000 ---p 00000000 00:00 0 
b3baf000-b3bfd000 rw-p 00000000 00:00 0 
b3bfd000-b3c00000 ---p 00000000 00:00 0 
b3c00000-b3c4e000 rw-p 00000000 00:00 0 
b3c4e000-b3c51000 ---p 00000000 00:00 0 
b3c51000-b3c9f000 rw-p 00000000 00:00 0 
b3c9f000-b3ca2000 ---p 00000000 00:00 0 
b3ca2000-b3cf0000 rw-p 00000000 00:00 0 
b3cf0000-b3cf3000 ---p 00000000 00:00 0 
b3cf3000-b3d41000 rw-p 00000000 00:00 0 
b3d41000-b3d44000 ---p 00000000 00:00 0 
b3d44000-b3d92000 rw-p 00000000 00:00 0 
b3d92000-b3d95000 ---p 00000000 00:00 0 
b3d95000-b3de3000 rw-p 00000000 00:00 0 
b3de3000-b3de6000 ---p 00000000 00:00 0 
b3de6000-b3e34000 rw-p 00000000 00:00 0 
b3e34000-b3e37000 ---p 00000000 00:00 0 
b3e37000-b3e85000 rw-p 00000000 00:00 0 
b3e85000-b3e88000 ---p 00000000 00:00 0 
b3e88000-b3ed6000 rw-p 00000000 00:00 0 
b3ed6000-b3ed9000 ---p 00000000 00:00 0 
b3ed9000-b3f27000 rw-p 00000000 00:00 0 
b3f27000-b3f2a000 ---p 00000000 00:00 0 
b3f2a000-b3f78000 rw-p 00000000 00:00 0 
b3f78000-b3f7b000 ---p 00000000 00:00 0 
b3f7b000-b3fc9000 rw-p 00000000 00:00 0 
b3fc9000-b3fcc000 ---p 00000000 00:00 0 
b3fcc000-b401a000 rw-p 00000000 00:00 0 
b401a000-b401d000 ---p 00000000 00:00 0 
b401d000-b406b000 rw-p 00000000 00:00 0 
b406b000-b406e000 ---p 00000000 00:00 0 
b406e000-b40bc000 rw-p 00000000 00:00 0 
b40bc000-b40bf000 ---p 00000000 00:00 0 
b40bf000-b410d000 rw-p 00000000 00:00 0 
b410d000-b4110000 ---p 00000000 00:00 0 
b4110000-b415e000 rw-p 00000000 00:00 0 
b415e000-b4161000 ---p 00000000 00:00 0 
b4161000-b41af000 rw-p 00000000 00:00 0 
b41af000-b41b2000 ---p 00000000 00:00 0 
b41b2000-b4200000 rw-p 00000000 00:00 0 
b4200000-b434a000 rw-p 00000000 00:00 0 
b434a000-b4400000 ---p 00000000 00:00 0 
b4400000-b45f3000 rw-p 00000000 00:00 0 
b45f3000-b4600000 ---p 00000000 00:00 0 
b4600000-b46dc000 rw-p 00000000 00:00 0 
b46dc000-b4700000 ---p 00000000 00:00 0 
b4700000-b47fb000 rw-p 00000000 00:00 0 
b47fb000-b4800000 ---p 00000000 00:00 0 
b4800000-b4a00000 rw-p 00000000 00:00 0 
b4a00000-b4b00000 rw-p 00000000 00:00 0 
b4b2a000-b4b2d000 ---p 00000000 00:00 0 
b4b2d000-b4b7b000 rw-p 00000000 00:00 0 
b4b7b000-b4b7e000 ---p 00000000 00:00 0 
b4b7e000-b4bcc000 rw-p 00000000 00:00 0 
b4bcc000-b4bcd000 r--s 00003000 08:01 663876     /home/kd52/git/synaps/synaps-storm/target/synaps-storm-2012.08.16.jar
b4bcd000-b4bce000 r--s 00000000 08:01 665126     /storm-0.8.0/lib/ring-jetty-adapter-0.3.11.jar
b4bce000-b4bcf000 r--s 00002000 08:01 665131     /storm-0.8.0/lib/slf4j-log4j12-1.5.8.jar
b4bcf000-b4bd1000 r--s 0000d000 08:01 665089     /storm-0.8.0/lib/carbonite-1.5.0.jar
b4bd1000-b4bd2000 r--s 00001000 08:01 665135     /storm-0.8.0/lib/tools.macro-0.1.0.jar
b4bd2000-b4be1000 r--s 0007c000 08:01 665113     /storm-0.8.0/lib/joda-time-2.0.jar
b4be1000-b4be8000 r--s 0007d000 08:01 665109     /storm-0.8.0/lib/jetty-6.1.26.jar
b4be8000-b4bea000 r--s 00000000 08:01 665121     /storm-0.8.0/lib/math.numeric-tower-0.0.1.jar
b4bea000-b4bec000 r--s 00014000 08:01 665112     /storm-0.8.0/lib/jline-0.9.94.jar
b4bec000-b4bf5000 r--s 0006d000 08:01 665120     /storm-0.8.0/lib/log4j-1.2.16.jar
b4bf5000-b4bf6000 r--s 00001000 08:01 665100     /storm-0.8.0/lib/compojure-0.6.4.jar
b4bf6000-b4bf9000 r--s 00006000 08:01 665115     /storm-0.8.0/lib/jsr305-1.3.9.jar
b4bf9000-b4bfa000 r--s 00001000 08:01 665134     /storm-0.8.0/lib/tools.logging-0.2.3.jar
b4bfa000-b4bff000 r--s 00028000 08:01 665108     /storm-0.8.0/lib/httpcore-4.1.jar
b4bff000-b4c01000 r--s 0000d000 08:01 665099     /storm-0.8.0/lib/commons-logging-1.1.1.jar
b4c01000-b4c07000 r--s 0003b000 08:01 665132     /storm-0.8.0/lib/snakeyaml-1.9.jar
b4c07000-b4c09000 r--s 0001f000 08:01 665128     /storm-0.8.0/lib/servlet-api-2.5-20081211.jar
b4c09000-b4c0a000 r--s 00002000 08:01 665091     /storm-0.8.0/lib/clj-time-0.4.1.jar
b4c0a000-b4c0f000 r--s 00040000 08:01 665098     /storm-0.8.0/lib/commons-lang-2.5.jar
b4c0f000-b4c11000 r--s 0000a000 08:01 665083     /storm-0.8.0/lib/asm-4.0.jar
b4c11000-b4c12000 r--s 00000000 08:01 665127     /storm-0.8.0/lib/ring-servlet-0.3.11.jar
b4c12000-b4c19000 r--s 00035000 08:01 665111     /storm-0.8.0/lib/jgrapht-0.8.3.jar
b4c19000-b4c1b000 r--s 00018000 08:01 665129     /storm-0.8.0/lib/servlet-api-2.5.jar
b4c1b000-b4c39000 r--s 00151000 08:01 665105     /storm-0.8.0/lib/guava-10.0.1.jar
b4c39000-b4c3a000 r--s 00005000 08:01 665130     /storm-0.8.0/lib/slf4j-api-1.5.8.jar
b4c3a000-b4c3b000 r--s 00003000 08:01 665117     /storm-0.8.0/lib/jzmq-2.1.0.jar
b4c3b000-b4c3d000 r--s 0000d000 08:01 665094     /storm-0.8.0/lib/commons-codec-1.4.jar
b4c3d000-b4c40000 r--s 0001b000 08:01 665116     /storm-0.8.0/lib/junit-3.8.1.jar
b4c40000-b4c43000 r--s 0000c000 08:01 665096     /storm-0.8.0/lib/commons-fileupload-1.2.1.jar
b4c43000-b4c45000 r--s 0000b000 08:01 665104     /storm-0.8.0/lib/disruptor-2.10.1.jar
b4c45000-b4c46000 r--s 00001000 08:01 665106     /storm-0.8.0/lib/hiccup-0.3.6.jar
b4c46000-b4c4f000 r--s 0008a000 08:01 665136     /storm-0.8.0/lib/zookeeper-3.3.3.jar
b4c4f000-b4c51000 r--s 00007000 08:01 665123     /storm-0.8.0/lib/objenesis-1.2.jar
b4c51000-b4c52000 r--s 00003000 08:01 665114     /storm-0.8.0/lib/json-simple-1.1.jar
b4c52000-b4c55000 r--s 00018000 08:01 665097     /storm-0.8.0/lib/commons-io-1.4.jar
b4c55000-b4c57000 r--s 00000000 08:01 665122     /storm-0.8.0/lib/minlog-1.2.jar
b4c57000-b4c5b000 r--s 00024000 08:01 665118     /storm-0.8.0/lib/kryo-2.17.jar
b4c5b000-b4c5d000 r--s 00003000 08:01 665125     /storm-0.8.0/lib/ring-core-0.3.10.jar
b4c5d000-b4c61000 r--s 00015000 08:01 665103     /storm-0.8.0/lib/curator-framework-1.0.1.jar
b4c61000-b4c63000 r--s 00005000 08:01 665102     /storm-0.8.0/lib/curator-client-1.0.1.jar
b4c63000-b4c64000 r--s 00000000 08:01 665101     /storm-0.8.0/lib/core.incubator-0.1.0.jar
b4c64000-b4c6a000 r--s 00044000 08:01 665119     /storm-0.8.0/lib/libthrift7-0.7.0.jar
b4c6a000-b4ca6000 r--s 00308000 08:01 665092     /storm-0.8.0/lib/clojure-1.4.0.jar
b4ca6000-b4cfe000 r--s 00429000 08:01 665150     /storm-0.8.0/storm-0.8.0.jar
b4cfe000-b4cff000 ---p 00000000 00:00 0 
b4cff000-b4d7f000 rw-p 00000000 00:00 0 
b4d7f000-b4d82000 ---p 00000000 00:00 0 
b4d82000-b4e00000 rw-p 00000000 00:00 0 
b4e00000-b4f00000 rw-p 00000000 00:00 0 
b4f03000-b4f04000 r--s 00000000 08:01 665093     /storm-0.8.0/lib/clout-0.4.1.jar
b4f04000-b4f0c000 r--s 0004e000 08:01 665107     /storm-0.8.0/lib/httpclient-4.1.1.jar
b4f0c000-b4f0e000 r--s 0000b000 08:01 665095     /storm-0.8.0/lib/commons-exec-1.1.jar
b4f0e000-b4f12000 r--s 00028000 08:01 665110     /storm-0.8.0/lib/jetty-util-6.1.26.jar
b4f12000-b4f15000 ---p 00000000 00:00 0 
b4f15000-b4f63000 rw-p 00000000 00:00 0 
b4f63000-b4f66000 ---p 00000000 00:00 0 
b4f66000-b4fb4000 rw-p 00000000 00:00 0 
b4fb4000-b4fb5000 r--p 0043a000 08:01 795198     /usr/lib/locale/locale-archive
b4fb5000-b4ff5000 r--p 002bd000 08:01 795198     /usr/lib/locale/locale-archive
b4ff5000-b51f5000 r--p 00000000 08:01 795198     /usr/lib/locale/locale-archive
b51f5000-b51f8000 ---p 00000000 00:00 0 
b51f8000-b5246000 rw-p 00000000 00:00 0 
b5246000-b5249000 ---p 00000000 00:00 0 
b5249000-b5297000 rw-p 00000000 00:00 0 
b5297000-b5298000 ---p 00000000 00:00 0 
b5298000-b534b000 rw-p 00000000 00:00 0 
b534b000-b54db000 r--s 037bc000 08:01 934870     /usr/lib/jvm/java-6-openjdk/jre/lib/rt.jar
b54db000-b54f0000 rw-p 00000000 00:00 0 
b54f0000-b5509000 rw-p 00000000 00:00 0 
b5509000-b550f000 rw-p 00000000 00:00 0 
b550f000-b55b4000 rw-p 00000000 00:00 0 
b55b4000-b55b7000 rw-p 00000000 00:00 0 
b55b7000-b5609000 rw-p 00000000 00:00 0 
b5609000-b560f000 rw-p 00000000 00:00 0 
b560f000-b56b4000 rw-p 00000000 00:00 0 
b56b4000-b56bc000 rw-p 00000000 00:00 0 
b56bc000-b56d4000 rw-p 00000000 00:00 0 
b56d4000-b56e8000 rw-p 00000000 00:00 0 
b56e8000-b5760000 rw-p 00000000 00:00 0 
b5760000-b5930000 rwxp 00000000 00:00 0 
b5930000-b7760000 rw-p 00000000 00:00 0 
b7760000-b7763000 ---p 00000000 00:00 0 
b7763000-b77b4000 rw-p 00000000 00:00 0 
b77b4000-b77b5000 r--s 00000000 08:01 665133     /storm-0.8.0/lib/tools.cli-0.2.2.jar
b77b5000-b77b7000 r--s 0000f000 08:01 665124     /storm-0.8.0/lib/reflectasm-1.07-shaded.jar
b77b7000-b77b9000 r--s 0000f000 08:01 936918     /usr/lib/jvm/java-6-openjdk/jre/lib/ext/pulse-java.jar
b77b9000-b77c1000 rw-s 00000000 08:01 279053     /tmp/hsperfdata_root/16897
b77c1000-b77c2000 rw-p 00000000 00:00 0 
b77c2000-b77c3000 r--p 00000000 00:00 0 
b77c3000-b77c5000 rw-p 00000000 00:00 0 
bff26000-bff47000 rw-p 00000000 00:00 0          [stack]

VM Arguments:
jvm_args: -Dstorm.options= -Dstorm.home=/storm-0.8.0 -Djava.library.path=/usr/local/lib:/opt/local/lib:/usr/lib -Dstorm.jar=./target/synaps-storm-2012.08.16.jar 
java_command: com.spcs.synaps.PutMetricTopology
Launcher Type: SUN_STANDARD

Environment Variables:
PATH=/usr/local/sbin:/usr/local/bin:/usr/sbin:/usr/bin:/sbin:/bin:/usr/X11R6/bin
USERNAME=root
LD_LIBRARY_PATH=/usr/lib/jvm/java-6-openjdk/jre/lib/i386/client:/usr/lib/jvm/java-6-openjdk/jre/lib/i386:/usr/lib/jvm/java-6-openjdk/jre/../lib/i386
SHELL=/bin/bash
DISPLAY=:0

Signal Handlers:
SIGSEGV: [libjvm.so+0x3e3850], sa_mask[0]=0x7ffbfeff, sa_flags=0x10000004
SIGBUS: [libjvm.so+0x3e3850], sa_mask[0]=0x7ffbfeff, sa_flags=0x10000004
SIGFPE: [libjvm.so+0x300eb0], sa_mask[0]=0x7ffbfeff, sa_flags=0x10000004
SIGPIPE: [libjvm.so+0x300eb0], sa_mask[0]=0x7ffbfeff, sa_flags=0x10000004
SIGXFSZ: [libjvm.so+0x300eb0], sa_mask[0]=0x7ffbfeff, sa_flags=0x10000004
SIGILL: [libjvm.so+0x300eb0], sa_mask[0]=0x7ffbfeff, sa_flags=0x10000004
SIGUSR1: SIG_DFL, sa_mask[0]=0x00000000, sa_flags=0x00000000
SIGUSR2: [libjvm.so+0x300d40], sa_mask[0]=0x00000000, sa_flags=0x10000004
SIGHUP: [libjvm.so+0x303de0], sa_mask[0]=0x7ffbfeff, sa_flags=0x10000004
SIGINT: [libjvm.so+0x303de0], sa_mask[0]=0x7ffbfeff, sa_flags=0x10000004
SIGTERM: [libjvm.so+0x303de0], sa_mask[0]=0x7ffbfeff, sa_flags=0x10000004
SIGQUIT: [libjvm.so+0x303de0], sa_mask[0]=0x7ffbfeff, sa_flags=0x10000004


---------------  S Y S T E M  ---------------

OS:Ubuntu 11.10 (oneiric)
uname:Linux 3.0.0-12-generic #20-Ubuntu SMP Fri Oct 7 14:50:42 UTC 2011 i686
libc:glibc 2.13 NPTL 2.13 
rlimit: STACK 8192k, CORE 0k, NPROC 28145, NOFILE 4096, AS infinity
load average:6.85 6.79 6.44

/proc/meminfo:
MemTotal:        3616588 kB
MemFree:         1753024 kB
Buffers:           39824 kB
Cached:           991528 kB
SwapCached:        46336 kB
Active:           556948 kB
Inactive:         979464 kB
Active(anon):     434772 kB
Inactive(anon):    83360 kB
Active(file):     122176 kB
Inactive(file):   896104 kB
Unevictable:      262476 kB
Mlocked:          262476 kB
HighTotal:       2760648 kB
HighFree:         998212 kB
LowTotal:         855940 kB
LowFree:          754812 kB
SwapTotal:        522236 kB
SwapFree:         287512 kB
Dirty:               956 kB
Writeback:             0 kB
AnonPages:        728020 kB
Mapped:            60128 kB
Shmem:              1652 kB
Slab:              41492 kB
SReclaimable:      27828 kB
SUnreclaim:        13664 kB
KernelStack:        4376 kB
PageTables:         7700 kB
NFS_Unstable:          0 kB
Bounce:                0 kB
WritebackTmp:          0 kB
CommitLimit:     2330528 kB
Committed_AS:    2411104 kB
VmallocTotal:     122880 kB
VmallocUsed:       53016 kB
VmallocChunk:      64904 kB
HardwareCorrupted:     0 kB
AnonHugePages:         0 kB
HugePages_Total:       0
HugePages_Free:        0
HugePages_Rsvd:        0
HugePages_Surp:        0
Hugepagesize:       4096 kB
DirectMap4k:       12280 kB
DirectMap4M:      897024 kB


CPU:total 4 (4 cores per cpu, 1 threads per core) family 6 model 42 stepping 7, cmov, cx8, fxsr, mmx, sse, sse2, sse3, ssse3

Memory: 4k page, physical 3616588k(1753024k free), swap 522236k(287512k free)

vm_info: OpenJDK Client VM (20.0-b12) for linux-x86 JRE (1.6.0_24-b24), built on Jun 28 2012 20:48:09 by "buildd" with gcc 4.6.1

time: Mon Aug 27 15:13:17 2012
elapsed time: 5 seconds

