#
# A fatal error has been detected by the Java Runtime Environment:
#
#  SIGSEGV (0xb) at pc=0xb5943f8d, pid=19180, tid=3021929328
#
# JRE version: 6.0_24-b24
# Java VM: OpenJDK Client VM (20.0-b12 mixed mode, sharing linux-x86 )
# Derivative: IcedTea6 1.11.3
# Distribution: Ubuntu 11.10, package 6b24-1.11.3-1ubuntu0.11.10.1
# Problematic frame:
# J  java.io.ObjectInputStream.readHandle(Z)Ljava/lang/Object;
#
# If you would like to submit a bug report, please include
# instructions how to reproduce the bug and visit:
#   https://bugs.launchpad.net/ubuntu/+source/openjdk-6/
#

---------------  T H R E A D  ---------------

Current thread (0xb4756400):  JavaThread "Thread-6" [_thread_in_Java, id=19239, stack(0xb419f000,0xb41f0000)]

siginfo:si_signo=SIGSEGV: si_errno=0, si_code=128 (), si_addr=0x00000000

Registers:
EAX=0x00000008, EBX=0x007e0000, ECX=0x6f89b580, EDX=0x0000003e
ESP=0xb41eaf00, EBP=0xb41eafc8, ESI=0x00000008, EDI=0x6f89bd68
EIP=0xb5943f8d, EFLAGS=0x00010297, CR2=0x00000000

Top of Stack: (sp=0xb41eaf00)
0xb41eaf00:   b4756400 b4741238 00000017 071aa1dc
0xb41eaf10:   6f8a2554 00002dc6 b41eafac 072a7b9a
0xb41eaf20:   075a2ff4 075a2ff4 b41eaf78 07285158
0xb41eaf30:   075a2ff4 075a2ff4 b4756405 6f89b568
0xb41eaf40:   b4756400 00000000 6f89b580 00000000
0xb41eaf50:   6f8a29b0 6f8a29f8 08a00e70 0717b455
0xb41eaf60:   08a00e70 b41eaf78 b4756400 6f89bc10
0xb41eaf70:   b4756400 b4756400 b41eafc8 b5927200 

Instructions: (pc=0xb5943f8d)
0xb5943f6d:   e8 00 00 7e 00 8b 4c 24 48 89 41 0c 83 f8 00 0f
0xb5943f7d:   8c 11 00 00 00 8b 71 0c 8b 79 1c 8b 57 0c 3b f2
0xb5943f8d:   0f 8c da 02 00 00 0f 1f 44 00 00 e9 48 05 00 00
0xb5943f9d:   e9 4d 05 00 00 89 44 24 50 bb 01 00 00 00 ba 20 

Register to memory mapping:

EAX=0x00000008 is an unknown value
EBX=0x007e0000 is an unknown value
ECX=
[error occurred during error reporting (printing register info), id 0xb]

Stack: [0xb419f000,0xb41f0000],  sp=0xb41eaf00,  free space=303k
Native frames: (J=compiled Java code, j=interpreted, Vv=VM code, C=native code)
J  java.io.ObjectInputStream.readHandle(Z)Ljava/lang/Object;
j  java.io.ObjectInputStream.readArray(Z)Ljava/lang/Object;+22
J  java.io.ObjectInputStream.readObject0(Z)Ljava/lang/Object;
J  java.io.ObjectInputStream.readObject0(Z)Ljava/lang/Object;
J  java.io.ObjectInputStream.readObject0(Z)Ljava/lang/Object;
J  java.io.ObjectInputStream.readObject0(Z)Ljava/lang/Object;
J  java.io.ObjectInputStream.readObject0(Z)Ljava/lang/Object;
J  java.io.ObjectInputStream.readObject0(Z)Ljava/lang/Object;
J  java.io.ObjectInputStream.readObject0(Z)Ljava/lang/Object;
J  java.io.ObjectInputStream.readObject0(Z)Ljava/lang/Object;
J  java.io.ObjectInputStream.readObject0(Z)Ljava/lang/Object;
J  java.io.ObjectInputStream.readObject0(Z)Ljava/lang/Object;
J  java.io.ObjectInputStream.readObject0(Z)Ljava/lang/Object;
J  java.io.ObjectInputStream.readObject0(Z)Ljava/lang/Object;
J  java.io.ObjectInputStream.readObject0(Z)Ljava/lang/Object;
J  java.io.ObjectInputStream.readObject0(Z)Ljava/lang/Object;
J  java.io.ObjectInputStream.readObject0(Z)Ljava/lang/Object;
J  java.io.ObjectInputStream.readObject0(Z)Ljava/lang/Object;
J  java.io.ObjectInputStream.readObject0(Z)Ljava/lang/Object;
J  java.io.ObjectInputStream.readObject0(Z)Ljava/lang/Object;
J  java.io.ObjectInputStream.readObject0(Z)Ljava/lang/Object;
J  java.io.ObjectInputStream.readObject0(Z)Ljava/lang/Object;
J  java.io.ObjectInputStream.readObject0(Z)Ljava/lang/Object;
J  java.io.ObjectInputStream.readObject0(Z)Ljava/lang/Object;
J  java.io.ObjectInputStream.readObject0(Z)Ljava/lang/Object;
J  java.io.ObjectInputStream.readObject0(Z)Ljava/lang/Object;
J  java.io.ObjectInputStream.readObject0(Z)Ljava/lang/Object;
j  java.util.HashMap.readObject(Ljava/io/ObjectInputStream;)V+42
v  ~StubRoutines::call_stub
V  [libjvm.so+0x20fb36]  JavaCalls::call_helper(JavaValue*, methodHandle*, JavaCallArguments*, Thread*)+0x2c6


---------------  P R O C E S S  ---------------

Java Threads: ( => current thread )
  0xb4705800 JavaThread "Thread-9" [_thread_blocked, id=19250, stack(0xb3fb9000,0xb400a000)]
  0xb4729400 JavaThread "Thread-8" [_thread_blocked, id=19249, stack(0xb451a000,0xb456b000)]
  0xb4704400 JavaThread "CuratorFramework-9" [_thread_blocked, id=19248, stack(0xb400a000,0xb405b000)]
  0xb4701c00 JavaThread "ConnectionStateManager-0" [_thread_blocked, id=19247, stack(0xb46af000,0xb4700000)]
  0xb51d9000 JavaThread "main-EventThread" daemon [_thread_blocked, id=19246, stack(0xb40ac000,0xb40fd000)]
  0xb4700400 JavaThread "main-SendThread(localhost:2000)" daemon [_thread_in_native, id=19245, stack(0xb405b000,0xb40ac000)]
  0xb51bd400 JavaThread "Thread-7" daemon [_thread_blocked, id=19240, stack(0xb414e000,0xb419f000)]
=>0xb4756400 JavaThread "Thread-6" [_thread_in_Java, id=19239, stack(0xb419f000,0xb41f0000)]
  0xb4755000 JavaThread "Thread-5" [_thread_blocked, id=19238, stack(0xb41f0000,0xb4241000)]
  0xb4752400 JavaThread "CuratorFramework-7" [_thread_blocked, id=19237, stack(0xb4292000,0xb42e3000)]
  0xb4750c00 JavaThread "ConnectionStateManager-0" [_thread_blocked, id=19236, stack(0xb4241000,0xb4292000)]
  0xb474f400 JavaThread "main-EventThread" daemon [_thread_blocked, id=19235, stack(0xb42e3000,0xb4334000)]
  0xb51c4400 JavaThread "main-SendThread(localhost:2000)" daemon [_thread_in_native, id=19234, stack(0xb4982000,0xb49d3000)]
  0xb4741400 JavaThread "Thread-4" daemon [_thread_blocked, id=19229, stack(0xb4385000,0xb43d6000)]
  0xb473d000 JavaThread "CuratorFramework-5" [_thread_blocked, id=19228, stack(0xb43d6000,0xb4427000)]
  0xb472dc00 JavaThread "ConnectionStateManager-0" [_thread_blocked, id=19227, stack(0xb4478000,0xb44c9000)]
  0xb472c400 JavaThread "main-EventThread" daemon [_thread_blocked, id=19226, stack(0xb44c9000,0xb451a000)]
  0xb472ac00 JavaThread "main-SendThread(localhost:2000)" daemon [_thread_in_native, id=19225, stack(0xb4427000,0xb4478000)]
  0xb471a400 JavaThread "CuratorFramework-3" [_thread_blocked, id=19220, stack(0xb456b000,0xb45bc000)]
  0xb51f9c00 JavaThread "ConnectionStateManager-0" [_thread_blocked, id=19219, stack(0xb460d000,0xb465e000)]
  0xb51db400 JavaThread "main-EventThread" daemon [_thread_blocked, id=19218, stack(0xb465e000,0xb46af000)]
  0xb51fb400 JavaThread "main-SendThread(localhost:2000)" daemon [_thread_in_native, id=19217, stack(0xb45bc000,0xb460d000)]
  0xb51d8400 JavaThread "CuratorFramework-1" [_thread_blocked, id=19212, stack(0xb483e000,0xb488f000)]
  0xb51d6c00 JavaThread "ConnectionStateManager-0" [_thread_blocked, id=19211, stack(0xb48e0000,0xb4931000)]
  0xb51be400 JavaThread "main-EventThread" daemon [_thread_blocked, id=19210, stack(0xb4931000,0xb4982000)]
  0xb51bfc00 JavaThread "main-SendThread(localhost:2000)" daemon [_thread_in_native, id=19209, stack(0xb488f000,0xb48e0000)]
  0xb51b9c00 JavaThread "Thread-3" daemon [_thread_blocked, id=19204, stack(0xb49d3000,0xb4a24000)]
  0xb51a8000 JavaThread "Thread-2" daemon [_thread_blocked, id=19203, stack(0xb4a24000,0xb4a75000)]
  0xb51a9800 JavaThread "Thread-1" daemon [_thread_blocked, id=19202, stack(0xb4a75000,0xb4ac6000)]
  0xb5199800 JavaThread "ProcessThread:-1" [_thread_blocked, id=19201, stack(0xb4ac6000,0xb4b17000)]
  0xb5199000 JavaThread "SyncThread:0" [_thread_blocked, id=19200, stack(0xb4b17000,0xb4b68000)]
  0xb5194400 JavaThread "SessionTracker" [_thread_blocked, id=19199, stack(0xb4b68000,0xb4bb9000)]
  0x08c33800 JavaThread "NIOServerCxn.Factory:0.0.0.0/0.0.0.0:2000" daemon [_thread_in_native, id=19198, stack(0xb4bb9000,0xb4c0a000)]
  0x08a37800 JavaThread "Low Memory Detector" daemon [_thread_blocked, id=19196, stack(0xb4d8c000,0xb4ddd000)]
  0x08a34c00 JavaThread "C1 CompilerThread0" daemon [_thread_blocked, id=19195, stack(0xb4ddd000,0xb4e5e000)]
  0x08a33000 JavaThread "Signal Dispatcher" daemon [_thread_blocked, id=19194, stack(0xb4e5e000,0xb4eaf000)]
  0x08a2f000 JavaThread "Finalizer" daemon [_thread_blocked, id=19193, stack(0xb50af000,0xb5100000)]
  0x08a2a400 JavaThread "Reference Handler" daemon [_thread_blocked, id=19192, stack(0xb5282000,0xb52d3000)]
  0x089fc800 JavaThread "main" [_thread_blocked, id=19190, stack(0xb779c000,0xb77ed000)]

Other Threads:
  0x08a28800 VMThread [stack: 0xb52d3000,0xb5354000] [id=19191]
  0x08a3a000 WatcherThread [stack: 0xb4d0b000,0xb4d8c000] [id=19197]

VM state:not at safepoint (normal execution)

VM Mutex/Monitor currently owned by a thread: None

Heap
 def new generation   total 4928K, used 515K [0x6f830000, 0x6fd80000, 0x7a2d0000)
  eden space 4416K,  10% used [0x6f830000, 0x6f8a8848, 0x6fc80000)
  from space 512K,   6% used [0x6fd00000, 0x6fd08758, 0x6fd80000)
  to   space 512K,   0% used [0x6fc80000, 0x6fc80000, 0x6fd00000)
 tenured generation   total 10944K, used 4676K [0x7a2d0000, 0x7ad80000, 0x8f830000)
   the space 10944K,  42% used [0x7a2d0000, 0x7a761080, 0x7a761200, 0x7ad80000)
 compacting perm gen  total 15360K, used 15290K [0x8f830000, 0x90730000, 0x93830000)
   the space 15360K,  99% used [0x8f830000, 0x9071ea28, 0x9071ec00, 0x90730000)
    ro space 10240K,  73% used [0x93830000, 0x93f90da0, 0x93f90e00, 0x94230000)
    rw space 12288K,  60% used [0x94230000, 0x9497a478, 0x9497a600, 0x94e30000)

Code Cache  [0xb579c000, 0xb594c000, 0xb779c000)
 total_blobs=1043 nmethods=872 adapters=106 free_code_cache=31807296 largest_free_block=256

Dynamic libraries:
00110000-001ee000 r-xp 00000000 08:01 792108     /usr/lib/i386-linux-gnu/libstdc++.so.6.0.16
001ee000-001ef000 ---p 000de000 08:01 792108     /usr/lib/i386-linux-gnu/libstdc++.so.6.0.16
001ef000-001f3000 r--p 000de000 08:01 792108     /usr/lib/i386-linux-gnu/libstdc++.so.6.0.16
001f3000-001f4000 rw-p 000e2000 08:01 792108     /usr/lib/i386-linux-gnu/libstdc++.so.6.0.16
001f4000-001fb000 rw-p 00000000 00:00 0 
001fb000-00206000 r-xp 00000000 08:01 1049551    /lib/i386-linux-gnu/libnss_files-2.13.so
00206000-00207000 r--p 0000a000 08:01 1049551    /lib/i386-linux-gnu/libnss_files-2.13.so
00207000-00208000 rw-p 0000b000 08:01 1049551    /lib/i386-linux-gnu/libnss_files-2.13.so
00208000-00210000 r-xp 00000000 08:01 936941     /usr/lib/jvm/java-6-openjdk/jre/lib/i386/libnio.so
00210000-00211000 r--p 00007000 08:01 936941     /usr/lib/jvm/java-6-openjdk/jre/lib/i386/libnio.so
00211000-00212000 rw-p 00008000 08:01 936941     /usr/lib/jvm/java-6-openjdk/jre/lib/i386/libnio.so
002b9000-002c0000 r-xp 00000000 08:01 936940     /usr/lib/jvm/java-6-openjdk/jre/lib/i386/libzip.so
002c0000-002c1000 r--p 00006000 08:01 936940     /usr/lib/jvm/java-6-openjdk/jre/lib/i386/libzip.so
002c1000-002c2000 rw-p 00007000 08:01 936940     /usr/lib/jvm/java-6-openjdk/jre/lib/i386/libzip.so
002f4000-00310000 r-xp 00000000 08:01 1049531    /lib/i386-linux-gnu/libgcc_s.so.1
00310000-00311000 r--p 0001b000 08:01 1049531    /lib/i386-linux-gnu/libgcc_s.so.1
00311000-00312000 rw-p 0001c000 08:01 1049531    /lib/i386-linux-gnu/libgcc_s.so.1
00392000-003a7000 r-xp 00000000 08:01 1049545    /lib/i386-linux-gnu/libnsl-2.13.so
003a7000-003a8000 r--p 00015000 08:01 1049545    /lib/i386-linux-gnu/libnsl-2.13.so
003a8000-003a9000 rw-p 00016000 08:01 1049545    /lib/i386-linux-gnu/libnsl-2.13.so
003a9000-003ab000 rw-p 00000000 00:00 0 
003bf000-003ca000 r-xp 00000000 08:01 936947     /usr/lib/jvm/java-6-openjdk/jre/lib/i386/libverify.so
003ca000-003cb000 ---p 0000b000 08:01 936947     /usr/lib/jvm/java-6-openjdk/jre/lib/i386/libverify.so
003cb000-003cc000 r--p 0000b000 08:01 936947     /usr/lib/jvm/java-6-openjdk/jre/lib/i386/libverify.so
003cc000-003cd000 rw-p 0000c000 08:01 936947     /usr/lib/jvm/java-6-openjdk/jre/lib/i386/libverify.so
0052d000-006a3000 r-xp 00000000 08:01 1049510    /lib/i386-linux-gnu/libc-2.13.so
006a3000-006a5000 r--p 00176000 08:01 1049510    /lib/i386-linux-gnu/libc-2.13.so
006a5000-006a6000 rw-p 00178000 08:01 1049510    /lib/i386-linux-gnu/libc-2.13.so
006a6000-006a9000 rw-p 00000000 00:00 0 
00792000-007a7000 r-xp 00000000 08:01 936954     /usr/lib/jvm/java-6-openjdk/jre/lib/i386/libnet.so
007a7000-007a8000 r--p 00014000 08:01 936954     /usr/lib/jvm/java-6-openjdk/jre/lib/i386/libnet.so
007a8000-007a9000 rw-p 00015000 08:01 936954     /usr/lib/jvm/java-6-openjdk/jre/lib/i386/libnet.so
008a0000-008be000 r-xp 00000000 08:01 1049497    /lib/i386-linux-gnu/ld-2.13.so
008be000-008bf000 r--p 0001d000 08:01 1049497    /lib/i386-linux-gnu/ld-2.13.so
008bf000-008c0000 rw-p 0001e000 08:01 1049497    /lib/i386-linux-gnu/ld-2.13.so
00911000-00924000 r-xp 00000000 08:01 1049593    /lib/i386-linux-gnu/libz.so.1.2.3.4
00924000-00925000 r--p 00012000 08:01 1049593    /lib/i386-linux-gnu/libz.so.1.2.3.4
00925000-00926000 rw-p 00013000 08:01 1049593    /lib/i386-linux-gnu/libz.so.1.2.3.4
009b2000-009b9000 r-xp 00000000 08:01 1049574    /lib/i386-linux-gnu/librt-2.13.so
009b9000-009ba000 r--p 00006000 08:01 1049574    /lib/i386-linux-gnu/librt-2.13.so
009ba000-009bb000 rw-p 00007000 08:01 1049574    /lib/i386-linux-gnu/librt-2.13.so
00ac1000-00ac8000 r-xp 00000000 08:01 936966     /usr/lib/jvm/java-6-openjdk/jre/lib/i386/libmanagement.so
00ac8000-00ac9000 r--p 00006000 08:01 936966     /usr/lib/jvm/java-6-openjdk/jre/lib/i386/libmanagement.so
00ac9000-00aca000 rw-p 00007000 08:01 936966     /usr/lib/jvm/java-6-openjdk/jre/lib/i386/libmanagement.so
00b6e000-00b72000 r-xp 00000000 08:01 936956     /usr/lib/jvm/java-6-openjdk/jre/lib/i386/jli/libjli.so
00b72000-00b73000 r--p 00003000 08:01 936956     /usr/lib/jvm/java-6-openjdk/jre/lib/i386/jli/libjli.so
00b73000-00b74000 rw-p 00004000 08:01 936956     /usr/lib/jvm/java-6-openjdk/jre/lib/i386/jli/libjli.so
00e17000-00e3d000 r-xp 00000000 08:01 936960     /usr/lib/jvm/java-6-openjdk/jre/lib/i386/libjava.so
00e3d000-00e3e000 r--p 00025000 08:01 936960     /usr/lib/jvm/java-6-openjdk/jre/lib/i386/libjava.so
00e3e000-00e40000 rw-p 00026000 08:01 936960     /usr/lib/jvm/java-6-openjdk/jre/lib/i386/libjava.so
00e58000-00e62000 r-xp 00000000 08:01 1049555    /lib/i386-linux-gnu/libnss_nis-2.13.so
00e62000-00e63000 r--p 00009000 08:01 1049555    /lib/i386-linux-gnu/libnss_nis-2.13.so
00e63000-00e64000 rw-p 0000a000 08:01 1049555    /lib/i386-linux-gnu/libnss_nis-2.13.so
00e82000-00eaa000 r-xp 00000000 08:01 1049540    /lib/i386-linux-gnu/libm-2.13.so
00eaa000-00eab000 r--p 00028000 08:01 1049540    /lib/i386-linux-gnu/libm-2.13.so
00eab000-00eac000 rw-p 00029000 08:01 1049540    /lib/i386-linux-gnu/libm-2.13.so
00ec8000-00ed0000 r-xp 00000000 08:01 1049547    /lib/i386-linux-gnu/libnss_compat-2.13.so
00ed0000-00ed1000 r--p 00007000 08:01 1049547    /lib/i386-linux-gnu/libnss_compat-2.13.so
00ed1000-00ed2000 rw-p 00008000 08:01 1049547    /lib/i386-linux-gnu/libnss_compat-2.13.so
00f38000-00f39000 r-xp 00000000 00:00 0          [vdso]
00f82000-00f85000 r-xp 00000000 08:01 1049521    /lib/i386-linux-gnu/libdl-2.13.so
00f85000-00f86000 r--p 00002000 08:01 1049521    /lib/i386-linux-gnu/libdl-2.13.so
00f86000-00f87000 rw-p 00003000 08:01 1049521    /lib/i386-linux-gnu/libdl-2.13.so
00fe5000-00ffc000 r-xp 00000000 08:01 1049570    /lib/i386-linux-gnu/libpthread-2.13.so
00ffc000-00ffd000 r--p 00016000 08:01 1049570    /lib/i386-linux-gnu/libpthread-2.13.so
00ffd000-00ffe000 rw-p 00017000 08:01 1049570    /lib/i386-linux-gnu/libpthread-2.13.so
00ffe000-01000000 rw-p 00000000 00:00 0 
07079000-0758c000 r-xp 00000000 08:01 936967     /usr/lib/jvm/java-6-openjdk/jre/lib/i386/client/libjvm.so
0758c000-075a3000 r--p 00512000 08:01 936967     /usr/lib/jvm/java-6-openjdk/jre/lib/i386/client/libjvm.so
075a3000-075b0000 rw-p 00529000 08:01 936967     /usr/lib/jvm/java-6-openjdk/jre/lib/i386/client/libjvm.so
075b0000-079c8000 rw-p 00000000 00:00 0 
08048000-08051000 r-xp 00000000 08:01 934838     /usr/lib/jvm/java-6-openjdk/jre/bin/java
08051000-08052000 r--p 00008000 08:01 934838     /usr/lib/jvm/java-6-openjdk/jre/bin/java
08052000-08053000 rw-p 00009000 08:01 934838     /usr/lib/jvm/java-6-openjdk/jre/bin/java
089f4000-091fd000 rw-p 00000000 00:00 0          [heap]
6f830000-6fd80000 rw-p 00000000 00:00 0 
6fd80000-7a2d0000 rw-p 00000000 00:00 0 
7a2d0000-7ad80000 rw-p 00000000 00:00 0 
7ad80000-8f830000 rw-p 00000000 00:00 0 
8f830000-90730000 rw-p 00000000 00:00 0 
90730000-93830000 rw-p 00000000 00:00 0 
93830000-93f91000 r--s 00001000 08:01 935485     /usr/lib/jvm/java-6-openjdk/jre/lib/i386/client/classes.jsa
93f91000-94230000 rw-p 00000000 00:00 0 
94230000-9497b000 rw-p 00762000 08:01 935485     /usr/lib/jvm/java-6-openjdk/jre/lib/i386/client/classes.jsa
9497b000-94e30000 rw-p 00000000 00:00 0 
94e30000-94f2c000 rw-p 00ead000 08:01 935485     /usr/lib/jvm/java-6-openjdk/jre/lib/i386/client/classes.jsa
94f2c000-95230000 rw-p 00000000 00:00 0 
95230000-95238000 r-xs 00fa9000 08:01 935485     /usr/lib/jvm/java-6-openjdk/jre/lib/i386/client/classes.jsa
95238000-95630000 rw-p 00000000 00:00 0 
b3f68000-b3f6b000 ---p 00000000 00:00 0 
b3f6b000-b3fb9000 rw-p 00000000 00:00 0 
b3fb9000-b3fbc000 ---p 00000000 00:00 0 
b3fbc000-b400a000 rw-p 00000000 00:00 0 
b400a000-b400d000 ---p 00000000 00:00 0 
b400d000-b405b000 rw-p 00000000 00:00 0 
b405b000-b405e000 ---p 00000000 00:00 0 
b405e000-b40ac000 rw-p 00000000 00:00 0 
b40ac000-b40af000 ---p 00000000 00:00 0 
b40af000-b40fd000 rw-p 00000000 00:00 0 
b40fd000-b4100000 ---p 00000000 00:00 0 
b4100000-b414e000 rw-p 00000000 00:00 0 
b414e000-b4151000 ---p 00000000 00:00 0 
b4151000-b419f000 rw-p 00000000 00:00 0 
b419f000-b41a2000 ---p 00000000 00:00 0 
b41a2000-b41f0000 rw-p 00000000 00:00 0 
b41f0000-b41f3000 ---p 00000000 00:00 0 
b41f3000-b4241000 rw-p 00000000 00:00 0 
b4241000-b4244000 ---p 00000000 00:00 0 
b4244000-b4292000 rw-p 00000000 00:00 0 
b4292000-b4295000 ---p 00000000 00:00 0 
b4295000-b42e3000 rw-p 00000000 00:00 0 
b42e3000-b42e6000 ---p 00000000 00:00 0 
b42e6000-b4334000 rw-p 00000000 00:00 0 
b4334000-b4337000 ---p 00000000 00:00 0 
b4337000-b4385000 rw-p 00000000 00:00 0 
b4385000-b4388000 ---p 00000000 00:00 0 
b4388000-b43d6000 rw-p 00000000 00:00 0 
b43d6000-b43d9000 ---p 00000000 00:00 0 
b43d9000-b4427000 rw-p 00000000 00:00 0 
b4427000-b442a000 ---p 00000000 00:00 0 
b442a000-b4478000 rw-p 00000000 00:00 0 
b4478000-b447b000 ---p 00000000 00:00 0 
b447b000-b44c9000 rw-p 00000000 00:00 0 
b44c9000-b44cc000 ---p 00000000 00:00 0 
b44cc000-b451a000 rw-p 00000000 00:00 0 
b451a000-b451d000 ---p 00000000 00:00 0 
b451d000-b456b000 rw-p 00000000 00:00 0 
b456b000-b456e000 ---p 00000000 00:00 0 
b456e000-b45bc000 rw-p 00000000 00:00 0 
b45bc000-b45bf000 ---p 00000000 00:00 0 
b45bf000-b460d000 rw-p 00000000 00:00 0 
b460d000-b4610000 ---p 00000000 00:00 0 
b4610000-b465e000 rw-p 00000000 00:00 0 
b465e000-b4661000 ---p 00000000 00:00 0 
b4661000-b46af000 rw-p 00000000 00:00 0 
b46af000-b46b2000 ---p 00000000 00:00 0 
b46b2000-b4700000 rw-p 00000000 00:00 0 
b4700000-b479a000 rw-p 00000000 00:00 0 
b479a000-b4800000 ---p 00000000 00:00 0 
b483e000-b4841000 ---p 00000000 00:00 0 
b4841000-b488f000 rw-p 00000000 00:00 0 
b488f000-b4892000 ---p 00000000 00:00 0 
b4892000-b48e0000 rw-p 00000000 00:00 0 
b48e0000-b48e3000 ---p 00000000 00:00 0 
b48e3000-b4931000 rw-p 00000000 00:00 0 
b4931000-b4934000 ---p 00000000 00:00 0 
b4934000-b4982000 rw-p 00000000 00:00 0 
b4982000-b4985000 ---p 00000000 00:00 0 
b4985000-b49d3000 rw-p 00000000 00:00 0 
b49d3000-b49d6000 ---p 00000000 00:00 0 
b49d6000-b4a24000 rw-p 00000000 00:00 0 
b4a24000-b4a27000 ---p 00000000 00:00 0 
b4a27000-b4a75000 rw-p 00000000 00:00 0 
b4a75000-b4a78000 ---p 00000000 00:00 0 
b4a78000-b4ac6000 rw-p 00000000 00:00 0 
b4ac6000-b4ac9000 ---p 00000000 00:00 0 
b4ac9000-b4b17000 rw-p 00000000 00:00 0 
b4b17000-b4b1a000 ---p 00000000 00:00 0 
b4b1a000-b4b68000 rw-p 00000000 00:00 0 
b4b68000-b4b6b000 ---p 00000000 00:00 0 
b4b6b000-b4bb9000 rw-p 00000000 00:00 0 
b4bb9000-b4bbc000 ---p 00000000 00:00 0 
b4bbc000-b4c0a000 rw-p 00000000 00:00 0 
b4c0a000-b4c0b000 r--s 00003000 08:01 663876     /home/kd52/git/synaps/synaps-storm/target/synaps-storm-2012.08.16.jar
b4c0b000-b4c0c000 r--s 00000000 08:01 665126     /storm-0.8.0/lib/ring-jetty-adapter-0.3.11.jar
b4c0c000-b4c0d000 r--s 00002000 08:01 665131     /storm-0.8.0/lib/slf4j-log4j12-1.5.8.jar
b4c0d000-b4c0f000 r--s 0000d000 08:01 665089     /storm-0.8.0/lib/carbonite-1.5.0.jar
b4c0f000-b4c10000 r--s 00001000 08:01 665135     /storm-0.8.0/lib/tools.macro-0.1.0.jar
b4c10000-b4c1f000 r--s 0007c000 08:01 665113     /storm-0.8.0/lib/joda-time-2.0.jar
b4c1f000-b4c26000 r--s 0007d000 08:01 665109     /storm-0.8.0/lib/jetty-6.1.26.jar
b4c26000-b4c28000 r--s 00000000 08:01 665121     /storm-0.8.0/lib/math.numeric-tower-0.0.1.jar
b4c28000-b4c2a000 r--s 00014000 08:01 665112     /storm-0.8.0/lib/jline-0.9.94.jar
b4c2a000-b4c33000 r--s 0006d000 08:01 665120     /storm-0.8.0/lib/log4j-1.2.16.jar
b4c33000-b4c34000 r--s 00001000 08:01 665100     /storm-0.8.0/lib/compojure-0.6.4.jar
b4c34000-b4c37000 r--s 00006000 08:01 665115     /storm-0.8.0/lib/jsr305-1.3.9.jar
b4c37000-b4c38000 r--s 00001000 08:01 665134     /storm-0.8.0/lib/tools.logging-0.2.3.jar
b4c38000-b4c3d000 r--s 00028000 08:01 665108     /storm-0.8.0/lib/httpcore-4.1.jar
b4c3d000-b4c3f000 r--s 0000d000 08:01 665099     /storm-0.8.0/lib/commons-logging-1.1.1.jar
b4c3f000-b4c45000 r--s 0003b000 08:01 665132     /storm-0.8.0/lib/snakeyaml-1.9.jar
b4c45000-b4c47000 r--s 0001f000 08:01 665128     /storm-0.8.0/lib/servlet-api-2.5-20081211.jar
b4c47000-b4c48000 r--s 00002000 08:01 665091     /storm-0.8.0/lib/clj-time-0.4.1.jar
b4c48000-b4c4d000 r--s 00040000 08:01 665098     /storm-0.8.0/lib/commons-lang-2.5.jar
b4c4d000-b4c4f000 r--s 0000a000 08:01 665083     /storm-0.8.0/lib/asm-4.0.jar
b4c4f000-b4c50000 r--s 00000000 08:01 665127     /storm-0.8.0/lib/ring-servlet-0.3.11.jar
b4c50000-b4c57000 r--s 00035000 08:01 665111     /storm-0.8.0/lib/jgrapht-0.8.3.jar
b4c57000-b4c59000 r--s 00018000 08:01 665129     /storm-0.8.0/lib/servlet-api-2.5.jar
b4c59000-b4c77000 r--s 00151000 08:01 665105     /storm-0.8.0/lib/guava-10.0.1.jar
b4c77000-b4cb3000 r--s 00308000 08:01 665092     /storm-0.8.0/lib/clojure-1.4.0.jar
b4cb3000-b4d0b000 r--s 00429000 08:01 665150     /storm-0.8.0/storm-0.8.0.jar
b4d0b000-b4d0c000 ---p 00000000 00:00 0 
b4d0c000-b4d8c000 rw-p 00000000 00:00 0 
b4d8c000-b4d8f000 ---p 00000000 00:00 0 
b4d8f000-b4ddd000 rw-p 00000000 00:00 0 
b4ddd000-b4de0000 ---p 00000000 00:00 0 
b4de0000-b4e5e000 rw-p 00000000 00:00 0 
b4e5e000-b4e61000 ---p 00000000 00:00 0 
b4e61000-b4eaf000 rw-p 00000000 00:00 0 
b4eaf000-b50af000 r--p 00000000 08:01 795198     /usr/lib/locale/locale-archive
b50af000-b50b2000 ---p 00000000 00:00 0 
b50b2000-b5100000 rw-p 00000000 00:00 0 
b5100000-b51fe000 rw-p 00000000 00:00 0 
b51fe000-b5200000 ---p 00000000 00:00 0 
b5201000-b5202000 r--s 00005000 08:01 665130     /storm-0.8.0/lib/slf4j-api-1.5.8.jar
b5202000-b5203000 r--s 00003000 08:01 665117     /storm-0.8.0/lib/jzmq-2.1.0.jar
b5203000-b5205000 r--s 0000d000 08:01 665094     /storm-0.8.0/lib/commons-codec-1.4.jar
b5205000-b5208000 r--s 0001b000 08:01 665116     /storm-0.8.0/lib/junit-3.8.1.jar
b5208000-b520b000 r--s 0000c000 08:01 665096     /storm-0.8.0/lib/commons-fileupload-1.2.1.jar
b520b000-b520d000 r--s 0000b000 08:01 665104     /storm-0.8.0/lib/disruptor-2.10.1.jar
b520d000-b520e000 r--s 00001000 08:01 665106     /storm-0.8.0/lib/hiccup-0.3.6.jar
b520e000-b5217000 r--s 0008a000 08:01 665136     /storm-0.8.0/lib/zookeeper-3.3.3.jar
b5217000-b5219000 r--s 00007000 08:01 665123     /storm-0.8.0/lib/objenesis-1.2.jar
b5219000-b521a000 r--s 00003000 08:01 665114     /storm-0.8.0/lib/json-simple-1.1.jar
b521a000-b521d000 r--s 00018000 08:01 665097     /storm-0.8.0/lib/commons-io-1.4.jar
b521d000-b521f000 r--s 00000000 08:01 665122     /storm-0.8.0/lib/minlog-1.2.jar
b521f000-b5223000 r--s 00024000 08:01 665118     /storm-0.8.0/lib/kryo-2.17.jar
b5223000-b5225000 r--s 00003000 08:01 665125     /storm-0.8.0/lib/ring-core-0.3.10.jar
b5225000-b5229000 r--s 00015000 08:01 665103     /storm-0.8.0/lib/curator-framework-1.0.1.jar
b5229000-b522b000 r--s 00005000 08:01 665102     /storm-0.8.0/lib/curator-client-1.0.1.jar
b522b000-b522c000 r--s 00000000 08:01 665101     /storm-0.8.0/lib/core.incubator-0.1.0.jar
b522c000-b5232000 r--s 00044000 08:01 665119     /storm-0.8.0/lib/libthrift7-0.7.0.jar
b5232000-b5233000 r--s 00000000 08:01 665093     /storm-0.8.0/lib/clout-0.4.1.jar
b5233000-b523b000 r--s 0004e000 08:01 665107     /storm-0.8.0/lib/httpclient-4.1.1.jar
b523b000-b523d000 r--s 0000b000 08:01 665095     /storm-0.8.0/lib/commons-exec-1.1.jar
b523d000-b5241000 r--s 00028000 08:01 665110     /storm-0.8.0/lib/jetty-util-6.1.26.jar
b5241000-b5242000 r--s 00000000 08:01 665133     /storm-0.8.0/lib/tools.cli-0.2.2.jar
b5242000-b5282000 r--p 002bd000 08:01 795198     /usr/lib/locale/locale-archive
b5282000-b5285000 ---p 00000000 00:00 0 
b5285000-b52d3000 rw-p 00000000 00:00 0 
b52d3000-b52d4000 ---p 00000000 00:00 0 
b52d4000-b5387000 rw-p 00000000 00:00 0 
b5387000-b5517000 r--s 037bc000 08:01 934870     /usr/lib/jvm/java-6-openjdk/jre/lib/rt.jar
b5517000-b552c000 rw-p 00000000 00:00 0 
b552c000-b5545000 rw-p 00000000 00:00 0 
b5545000-b554b000 rw-p 00000000 00:00 0 
b554b000-b55f0000 rw-p 00000000 00:00 0 
b55f0000-b55f3000 rw-p 00000000 00:00 0 
b55f3000-b5645000 rw-p 00000000 00:00 0 
b5645000-b564b000 rw-p 00000000 00:00 0 
b564b000-b56f0000 rw-p 00000000 00:00 0 
b56f0000-b56f8000 rw-p 00000000 00:00 0 
b56f8000-b5710000 rw-p 00000000 00:00 0 
b5710000-b5723000 rw-p 00000000 00:00 0 
b5723000-b579c000 rw-p 00000000 00:00 0 
b579c000-b594c000 rwxp 00000000 00:00 0 
b594c000-b779c000 rw-p 00000000 00:00 0 
b779c000-b779f000 ---p 00000000 00:00 0 
b779f000-b77f0000 rw-p 00000000 00:00 0 
b77f0000-b77f2000 r--s 0000f000 08:01 665124     /storm-0.8.0/lib/reflectasm-1.07-shaded.jar
b77f2000-b77f4000 r--s 0000f000 08:01 936918     /usr/lib/jvm/java-6-openjdk/jre/lib/ext/pulse-java.jar
b77f4000-b77f5000 r--p 0043a000 08:01 795198     /usr/lib/locale/locale-archive
b77f5000-b77fd000 rw-s 00000000 08:01 279504     /tmp/hsperfdata_root/19180
b77fd000-b77fe000 rw-p 00000000 00:00 0 
b77fe000-b77ff000 r--p 00000000 00:00 0 
b77ff000-b7801000 rw-p 00000000 00:00 0 
bf980000-bf9a1000 rw-p 00000000 00:00 0          [stack]

VM Arguments:
jvm_args: -Dstorm.options= -Dstorm.home=/storm-0.8.0 -Djava.library.path=/usr/local/lib:/opt/local/lib:/usr/lib -Dstorm.jar=./target/synaps-storm-2012.08.16.jar 
java_command: com.spcs.synaps.PutMetricTopology
Launcher Type: SUN_STANDARD

Environment Variables:
PATH=/usr/local/sbin:/usr/local/bin:/usr/sbin:/usr/bin:/sbin:/bin:/usr/X11R6/bin
USERNAME=root
LD_LIBRARY_PATH=/usr/lib/jvm/java-6-openjdk/jre/lib/i386/client:/usr/lib/jvm/java-6-openjdk/jre/lib/i386:/usr/lib/jvm/java-6-openjdk/jre/../lib/i386
SHELL=/bin/bash
DISPLAY=:1

Signal Handlers:
SIGSEGV: [libjvm.so+0x3e3850], sa_mask[0]=0x7ffbfeff, sa_flags=0x10000004
SIGBUS: [libjvm.so+0x3e3850], sa_mask[0]=0x7ffbfeff, sa_flags=0x10000004
SIGFPE: [libjvm.so+0x300eb0], sa_mask[0]=0x7ffbfeff, sa_flags=0x10000004
SIGPIPE: [libjvm.so+0x300eb0], sa_mask[0]=0x7ffbfeff, sa_flags=0x10000004
SIGXFSZ: [libjvm.so+0x300eb0], sa_mask[0]=0x7ffbfeff, sa_flags=0x10000004
SIGILL: [libjvm.so+0x300eb0], sa_mask[0]=0x7ffbfeff, sa_flags=0x10000004
SIGUSR1: SIG_DFL, sa_mask[0]=0x00000000, sa_flags=0x00000000
SIGUSR2: [libjvm.so+0x300d40], sa_mask[0]=0x00000000, sa_flags=0x10000004
SIGHUP: [libjvm.so+0x303de0], sa_mask[0]=0x7ffbfeff, sa_flags=0x10000004
SIGINT: [libjvm.so+0x303de0], sa_mask[0]=0x7ffbfeff, sa_flags=0x10000004
SIGTERM: [libjvm.so+0x303de0], sa_mask[0]=0x7ffbfeff, sa_flags=0x10000004
SIGQUIT: [libjvm.so+0x303de0], sa_mask[0]=0x7ffbfeff, sa_flags=0x10000004


---------------  S Y S T E M  ---------------

OS:Ubuntu 11.10 (oneiric)
uname:Linux 3.0.0-12-generic #20-Ubuntu SMP Fri Oct 7 14:50:42 UTC 2011 i686
libc:glibc 2.13 NPTL 2.13 
rlimit: STACK 8192k, CORE 0k, NPROC 28145, NOFILE 4096, AS infinity
load average:1.65 5.42 6.48

/proc/meminfo:
MemTotal:        3616588 kB
MemFree:         1834336 kB
Buffers:           56108 kB
Cached:          1109228 kB
SwapCached:         9056 kB
Active:           467240 kB
Inactive:         996772 kB
Active(anon):     291952 kB
Inactive(anon):    26084 kB
Active(file):     175288 kB
Inactive(file):   970688 kB
Unevictable:      250884 kB
Mlocked:          250884 kB
HighTotal:       2760648 kB
HighFree:        1095800 kB
LowTotal:         855940 kB
LowFree:          738536 kB
SwapTotal:        522236 kB
SwapFree:         499972 kB
Dirty:               828 kB
Writeback:             0 kB
AnonPages:        542692 kB
Mapped:            83544 kB
Shmem:              8228 kB
Slab:              45728 kB
SReclaimable:      33024 kB
SUnreclaim:        12704 kB
KernelStack:        3944 kB
PageTables:         6532 kB
NFS_Unstable:          0 kB
Bounce:                0 kB
WritebackTmp:          0 kB
CommitLimit:     2330528 kB
Committed_AS:    1791700 kB
VmallocTotal:     122880 kB
VmallocUsed:       53016 kB
VmallocChunk:      64904 kB
HardwareCorrupted:     0 kB
AnonHugePages:         0 kB
HugePages_Total:       0
HugePages_Free:        0
HugePages_Rsvd:        0
HugePages_Surp:        0
Hugepagesize:       4096 kB
DirectMap4k:       12280 kB
DirectMap4M:      897024 kB


CPU:total 4 (4 cores per cpu, 1 threads per core) family 6 model 42 stepping 7, cmov, cx8, fxsr, mmx, sse, sse2, sse3, ssse3

Memory: 4k page, physical 3616588k(1834336k free), swap 522236k(499972k free)

vm_info: OpenJDK Client VM (20.0-b12) for linux-x86 JRE (1.6.0_24-b24), built on Jun 28 2012 20:48:09 by "buildd" with gcc 4.6.1

time: Mon Aug 27 15:27:08 2012
elapsed time: 4 seconds

