#
# A fatal error has been detected by the Java Runtime Environment:
#
#  SIGSEGV (0xb) at pc=0xb5a70c13, pid=23963, tid=3020987248
#
# JRE version: 6.0_24-b24
# Java VM: OpenJDK Client VM (20.0-b12 mixed mode, sharing linux-x86 )
# Derivative: IcedTea6 1.11.3
# Distribution: Ubuntu 11.10, package 6b24-1.11.3-1ubuntu0.11.10.1
# Problematic frame:
# J  java.io.ObjectInputStream.readOrdinaryObject(Z)Ljava/lang/Object;
#
# If you would like to submit a bug report, please include
# instructions how to reproduce the bug and visit:
#   https://bugs.launchpad.net/ubuntu/+source/openjdk-6/
#

---------------  T H R E A D  ---------------

Current thread (0xb4801400):  JavaThread "Thread-9" [_thread_in_Java, id=24033, stack(0xb40b9000,0xb410a000)]

siginfo:si_signo=SIGSEGV: si_errno=0, si_code=128 (), si_addr=0x00000000

Registers:
EAX=0x6fc47568, EBX=0x00000000, ECX=0x6fc47568, EDX=0x7a6e8d18
ESP=0xb4107430, EBP=0xb4107c90, ESI=0x00000016, EDI=0x6fc32b20
EIP=0xb5a70c13, EFLAGS=0x00210202, CR2=0xb78cb280

Top of Stack: (sp=0xb4107430)
0xb4107430:   6fc47568 6fc34bb8 00000000 6fc474b0
0xb4107440:   00000000 00000015 b4801405 6fc2ff28
0xb4107450:   6fc2ff40 00000000 6fc47568 b59f4c1c
0xb4107460:   b41074b8 00000016 b4801400 9423d9f8
0xb4107470:   b41074a4 b4801400 b41074b8 6fc329c8
0xb4107480:   b4801520 b41074a4 b4107c90 b59fe120
0xb4107490:   b41074c0 00000000 00000015 6fc34bb8
0xb41074a0:   b4801400 948f87b0 b52a0620 0108b024 

Instructions: (pc=0xb5a70c13)
0xb5a70bf3:   ff 89 44 24 28 8b 58 28 83 fb 00 0f 85 11 03 00
0xb5a70c03:   00 8b 48 40 83 f9 00 0f 84 0d 00 00 00 8b c8 90
0xb5a70c13:   e8 08 15 00 00 e9 05 00 00 00 b8 00 00 00 00 8b
0xb5a70c23:   54 24 24 8b 4c 24 20 8b 71 1c 83 fa 00 0f 84 10 

Register to memory mapping:

EAX=
[error occurred during error reporting (printing register info), id 0xb]

Stack: [0xb40b9000,0xb410a000],  sp=0xb4107430,  free space=313k
Native frames: (J=compiled Java code, j=interpreted, Vv=VM code, C=native code)
J  java.io.ObjectInputStream.readOrdinaryObject(Z)Ljava/lang/Object;
J  java.io.ObjectInputStream.readObject0(Z)Ljava/lang/Object;
J  java.io.ObjectInputStream.readObject0(Z)Ljava/lang/Object;
J  java.io.ObjectInputStream.readObject0(Z)Ljava/lang/Object;
j  java.util.HashMap.readObject(Ljava/io/ObjectInputStream;)V+42
j  sun.reflect.GeneratedMethodAccessor27.invoke(Ljava/lang/Object;[Ljava/lang/Object;)Ljava/lang/Object;+40
J  sun.reflect.DelegatingMethodAccessorImpl.invoke(Ljava/lang/Object;[Ljava/lang/Object;)Ljava/lang/Object;
J  java.io.ObjectInputStream.readSerialData(Ljava/lang/Object;Ljava/io/ObjectStreamClass;)V
J  java.io.ObjectInputStream.readObject0(Z)Ljava/lang/Object;
j  backtype.storm.utils.Utils.deserialize([B)Ljava/lang/Object;+19
j  backtype.storm.utils.LocalState.snapshot()Ljava/util/Map;+31
j  backtype.storm.utils.LocalState.get(Ljava/lang/Object;)Ljava/lang/Object;+1
j  backtype.storm.daemon.supervisor$read_worker_heartbeat.invoke(Ljava/lang/Object;Ljava/lang/Object;)Ljava/lang/Object;+33
j  backtype.storm.daemon.supervisor$read_worker_heartbeats$iter__4540__4544$fn__4545.invoke()Ljava/lang/Object;+311
J  clojure.lang.LazySeq.sval()Ljava/lang/Object;
j  clojure.core$doall.invoke(Ljava/lang/Object;)Ljava/lang/Object;+10
j  backtype.storm.daemon.supervisor$read_worker_heartbeats.invoke(Ljava/lang/Object;)Ljava/lang/Object;+62
j  backtype.storm.daemon.supervisor$read_allocated_workers.invoke(Ljava/lang/Object;Ljava/lang/Object;Ljava/lang/Object;)Ljava/lang/Object;+99
j  backtype.storm.daemon.supervisor$sync_processes.invoke(Ljava/lang/Object;)Ljava/lang/Object;+146
J  clojure.lang.AFn.applyToHelper(Lclojure/lang/IFn;Lclojure/lang/ISeq;)Ljava/lang/Object;
j  clojure.lang.RestFn.invoke()Ljava/lang/Object;+26
j  backtype.storm.event$event_manager$fn__2483.invoke()Ljava/lang/Object;+45
j  clojure.lang.AFn.run()V+1
j  java.lang.Thread.run()V+11
v  ~StubRoutines::call_stub
V  [libjvm.so+0x20fb36]  JavaCalls::call_helper(JavaValue*, methodHandle*, JavaCallArguments*, Thread*)+0x2c6


---------------  P R O C E S S  ---------------

Java Threads: ( => current thread )
  0xb522bc00 JavaThread "Thread-56" [_thread_blocked, id=24184, stack(0xb2eb0000,0xb2f01000)]
  0xb522a400 JavaThread "Thread-55" daemon [_thread_blocked, id=24183, stack(0xb2f01000,0xb2f52000)]
  0xb5228800 JavaThread "Thread-54" [_thread_blocked, id=24182, stack(0xb2f52000,0xb2fa3000)]
  0xb5227000 JavaThread "Thread-53" [_thread_blocked, id=24181, stack(0xb2fa3000,0xb2ff4000)]
  0xb5225800 JavaThread "Thread-52" [_thread_blocked, id=24177, stack(0xb2ff4000,0xb3045000)]
  0xb5224000 JavaThread "Thread-51" [_thread_blocked, id=24174, stack(0xb3045000,0xb3096000)]
  0xb5222800 JavaThread "Thread-50" [_thread_in_native, id=24173, stack(0xb3096000,0xb30e7000)]
  0xb5221000 JavaThread "process reaper" daemon [_thread_in_native, id=24167, stack(0xb30e7000,0xb3138000)]
  0xb521fc00 JavaThread "Thread-49" [_thread_blocked, id=24166, stack(0xb3138000,0xb3189000)]
  0xb526f400 JavaThread "Thread-48" [_thread_blocked, id=24163, stack(0xb3189000,0xb31da000)]
  0xb526dc00 JavaThread "Thread-47" [_thread_blocked, id=24159, stack(0xb31da000,0xb322b000)]
  0xb526c400 JavaThread "Thread-46" [_thread_in_native, id=24158, stack(0xb322b000,0xb327c000)]
  0xb526ac00 JavaThread "process reaper" daemon [_thread_in_native, id=24152, stack(0xb327c000,0xb32cd000)]
  0xb5269800 JavaThread "Thread-45" [_thread_blocked_trans, id=24151, stack(0xb32cd000,0xb331e000)]
  0xb5268000 JavaThread "Thread-44" [_thread_blocked, id=24148, stack(0xb331e000,0xb336f000)]
  0xb5266800 JavaThread "Thread-43" [_thread_blocked, id=24145, stack(0xb336f000,0xb33c0000)]
  0xb5265400 JavaThread "Thread-42" [_thread_in_native, id=24144, stack(0xb33c0000,0xb3411000)]
  0xb5263c00 JavaThread "process reaper" daemon [_thread_in_native, id=24137, stack(0xb3411000,0xb3462000)]
  0xb5262800 JavaThread "Thread-41" [_thread_blocked, id=24136, stack(0xb3462000,0xb34b3000)]
  0xb5261000 JavaThread "Thread-40" [_thread_blocked, id=24134, stack(0xb34b3000,0xb3504000)]
  0xb525f800 JavaThread "Thread-39" [_thread_blocked, id=24130, stack(0xb3504000,0xb3555000)]
  0xb525e400 JavaThread "Thread-38" [_thread_in_native, id=24128, stack(0xb3555000,0xb35a6000)]
  0xb525cc00 JavaThread "process reaper" daemon [_thread_in_native, id=24122, stack(0xb35a6000,0xb35f7000)]
  0xb525b800 JavaThread "Thread-37" [_thread_blocked, id=24121, stack(0xb35f7000,0xb3648000)]
  0xb5259c00 JavaThread "Thread-36" [_thread_blocked, id=24117, stack(0xb3648000,0xb3699000)]
  0xb5258400 JavaThread "Thread-35" [_thread_blocked, id=24114, stack(0xb3699000,0xb36ea000)]
  0xb521e000 JavaThread "Thread-34" [_thread_in_native, id=24113, stack(0xb36ea000,0xb373b000)]
  0xb521c800 JavaThread "process reaper" daemon [_thread_in_native, id=24106, stack(0xb373b000,0xb378c000)]
  0xb521b400 JavaThread "Thread-33" [_thread_blocked, id=24105, stack(0xb378c000,0xb37dd000)]
  0xb5219c00 JavaThread "Thread-32" [_thread_blocked, id=24101, stack(0xb37dd000,0xb382e000)]
  0xb5218400 JavaThread "Thread-31" [_thread_blocked, id=24099, stack(0xb382e000,0xb387f000)]
  0xb5217400 JavaThread "Thread-30" [_thread_in_native, id=24098, stack(0xb387f000,0xb38d0000)]
  0xb5215800 JavaThread "process reaper" daemon [_thread_in_native, id=24092, stack(0xb38d0000,0xb3921000)]
  0xb5214800 JavaThread "Thread-29" [_thread_blocked, id=24091, stack(0xb3921000,0xb3972000)]
  0xb5213800 JavaThread "Thread-28" [_thread_blocked, id=24090, stack(0xb3972000,0xb39c3000)]
  0xb5211c00 JavaThread "process reaper" daemon [_thread_in_native, id=24084, stack(0xb39c3000,0xb3a14000)]
  0xb5211000 JavaThread "Thread-27" [_thread_blocked, id=24083, stack(0xb3a14000,0xb3a65000)]
  0xb520fc00 JavaThread "Thread-26" [_thread_in_native_trans, id=24082, stack(0xb3a65000,0xb3ab6000)]
  0xb520e800 JavaThread "process reaper" daemon [_thread_in_native, id=24076, stack(0xb3ab6000,0xb3b07000)]
  0xb484fc00 JavaThread "Thread-25" [_thread_blocked, id=24075, stack(0xb3b07000,0xb3b58000)]
  0xb484e000 JavaThread "Thread-24" [_thread_blocked, id=24072, stack(0xb3b58000,0xb3ba9000)]
  0xb484c800 JavaThread "Thread-23" [_thread_blocked, id=24071, stack(0xb3ba9000,0xb3bfa000)]
  0xb4846400 JavaThread "Thread-22" [_thread_in_native, id=24070, stack(0xb3bfa000,0xb3c4b000)]
  0xb4844c00 JavaThread "process reaper" daemon [_thread_in_native, id=24062, stack(0xb3c4b000,0xb3c9c000)]
  0xb484a400 JavaThread "Thread-21" [_thread_blocked, id=24061, stack(0xb3c9c000,0xb3ced000)]
  0xb485a400 JavaThread "Thread-20" [_thread_blocked, id=24060, stack(0xb3ced000,0xb3d3e000)]
  0xb52ce400 JavaThread "Thread-19" [_thread_blocked, id=24059, stack(0xb3d3e000,0xb3d8f000)]
  0xb4858c00 JavaThread "Thread-18" [_thread_in_native, id=24058, stack(0xb3d8f000,0xb3de0000)]
  0xb484b000 JavaThread "process reaper" daemon [_thread_in_native, id=24052, stack(0xb3de0000,0xb3e31000)]
  0xb52cf000 JavaThread "Thread-17" [_thread_blocked, id=24051, stack(0xb4068000,0xb40b9000)]
  0xb4809800 JavaThread "Thread-16" daemon [_thread_blocked, id=24050, stack(0xb3e31000,0xb3e82000)]
  0x0929bc00 JavaThread "Thread-15" daemon [_thread_blocked, id=24049, stack(0xb3e82000,0xb3ed3000)]
  0x0929a800 JavaThread "Thread-14" daemon [_thread_blocked, id=24048, stack(0xb3ed3000,0xb3f24000)]
  0x09299000 JavaThread "Thread-13" daemon [_thread_blocked, id=24047, stack(0xb3f24000,0xb3f75000)]
  0x09297c00 JavaThread "Thread-12" daemon [_thread_blocked, id=24046, stack(0xb3f75000,0xb3fc6000)]
  0x09292400 JavaThread "CuratorFramework-11" [_thread_blocked, id=24045, stack(0xb3fc6000,0xb4017000)]
  0x09291c00 JavaThread "ConnectionStateManager-0" [_thread_blocked, id=24044, stack(0xb41fd000,0xb424e000)]
  0x09291800 JavaThread "Thread-9-EventThread" daemon [_thread_blocked, id=24043, stack(0xb4434000,0xb4485000)]
  0x09291000 JavaThread "Thread-9-SendThread(localhost:2000)" daemon [_thread_in_native, id=24042, stack(0xb4017000,0xb4068000)]
=>0xb4801400 JavaThread "Thread-9" [_thread_in_Java, id=24033, stack(0xb40b9000,0xb410a000)]
  0xb480f400 JavaThread "Thread-8" [_thread_blocked, id=24032, stack(0xb461a000,0xb466b000)]
  0xb4854000 JavaThread "CuratorFramework-9" [_thread_blocked, id=24031, stack(0xb47af000,0xb4800000)]
  0xb4856c00 JavaThread "ConnectionStateManager-0" [_thread_blocked, id=24030, stack(0xb415b000,0xb41ac000)]
  0xb4855400 JavaThread "main-EventThread" daemon [_thread_blocked, id=24029, stack(0xb41ac000,0xb41fd000)]
  0xb52de000 JavaThread "main-SendThread(localhost:2000)" daemon [_thread_in_native, id=24028, stack(0xb410a000,0xb415b000)]
  0xb4843000 JavaThread "Thread-7" daemon [_thread_blocked, id=24023, stack(0xb424e000,0xb429f000)]
  0xb483ec00 JavaThread "Thread-6" [_thread_blocked, id=24022, stack(0xb429f000,0xb42f0000)]
  0xb483d000 JavaThread "Thread-5" [_thread_blocked, id=24021, stack(0xb42f0000,0xb4341000)]
  0xb483b800 JavaThread "CuratorFramework-7" [_thread_blocked, id=24020, stack(0xb4341000,0xb4392000)]
  0xb482bc00 JavaThread "ConnectionStateManager-0" [_thread_blocked, id=24019, stack(0xb4392000,0xb43e3000)]
  0xb52a4c00 JavaThread "main-EventThread" daemon [_thread_blocked, id=24018, stack(0xb43e3000,0xb4434000)]
  0xb482a000 JavaThread "main-SendThread(localhost:2000)" daemon [_thread_in_native, id=24017, stack(0xb4a4d000,0xb4a9e000)]
  0x08d48800 JavaThread "Thread-4" daemon [_thread_blocked, id=24012, stack(0xb4485000,0xb44d6000)]
  0xb4825800 JavaThread "CuratorFramework-5" [_thread_blocked, id=24011, stack(0xb44d6000,0xb4527000)]
  0xb4812800 JavaThread "ConnectionStateManager-0" [_thread_blocked, id=24010, stack(0xb4578000,0xb45c9000)]
  0xb4813c00 JavaThread "main-EventThread" daemon [_thread_blocked, id=24009, stack(0xb45c9000,0xb461a000)]
  0xb4810c00 JavaThread "main-SendThread(localhost:2000)" daemon [_thread_in_native, id=24008, stack(0xb4527000,0xb4578000)]
  0xb4800400 JavaThread "CuratorFramework-3" [_thread_blocked, id=24003, stack(0xb466b000,0xb46bc000)]
  0xb52f0000 JavaThread "ConnectionStateManager-0" [_thread_blocked, id=24002, stack(0xb470d000,0xb475e000)]
  0xb52e0800 JavaThread "main-EventThread" daemon [_thread_blocked, id=24001, stack(0xb475e000,0xb47af000)]
  0xb52df000 JavaThread "main-SendThread(localhost:2000)" daemon [_thread_in_native, id=24000, stack(0xb46bc000,0xb470d000)]
  0xb52c0800 JavaThread "CuratorFramework-1" [_thread_blocked, id=23995, stack(0xb4909000,0xb495a000)]
  0xb52bfc00 JavaThread "ConnectionStateManager-0" [_thread_blocked, id=23994, stack(0xb49ab000,0xb49fc000)]
  0xb52a7000 JavaThread "main-EventThread" daemon [_thread_blocked, id=23993, stack(0xb49fc000,0xb4a4d000)]
  0xb52b8c00 JavaThread "main-SendThread(localhost:2000)" daemon [_thread_in_native, id=23992, stack(0xb495a000,0xb49ab000)]
  0x08daa000 JavaThread "Thread-3" daemon [_thread_blocked, id=23987, stack(0xb4a9e000,0xb4aef000)]
  0x08e61800 JavaThread "Thread-2" daemon [_thread_blocked, id=23986, stack(0xb4aef000,0xb4b40000)]
  0x08da8400 JavaThread "Thread-1" daemon [_thread_blocked, id=23985, stack(0xb4b40000,0xb4b91000)]
  0x08dc4800 JavaThread "ProcessThread:-1" [_thread_blocked, id=23984, stack(0xb4b91000,0xb4be2000)]
  0x08de1400 JavaThread "SyncThread:0" [_thread_blocked, id=23983, stack(0xb4be2000,0xb4c33000)]
  0x08dc1800 JavaThread "SessionTracker" [_thread_blocked, id=23982, stack(0xb4c33000,0xb4c84000)]
  0x092c7400 JavaThread "NIOServerCxn.Factory:0.0.0.0/0.0.0.0:2000" daemon [_thread_in_native, id=23981, stack(0xb4c84000,0xb4cd5000)]
  0x08bc4800 JavaThread "Low Memory Detector" daemon [_thread_blocked, id=23979, stack(0xb4e4c000,0xb4e9d000)]
  0x08bc2800 JavaThread "C1 CompilerThread0" daemon [_thread_blocked, id=23978, stack(0xb4e9d000,0xb4f1e000)]
  0x08bc0c00 JavaThread "Signal Dispatcher" daemon [_thread_blocked, id=23977, stack(0xb4f1e000,0xb4f6f000)]
  0x08bbcc00 JavaThread "Finalizer" daemon [_thread_blocked, id=23976, stack(0xb51af000,0xb5200000)]
  0x08bbb400 JavaThread "Reference Handler" daemon [_thread_blocked, id=23975, stack(0xb5350000,0xb53a1000)]
  0x08b8d800 JavaThread "main" [_thread_blocked, id=23973, stack(0xb786a000,0xb78bb000)]

Other Threads:
  0x08bb9800 VMThread [stack: 0xb53a1000,0xb5422000] [id=23974]
  0x08bcec00 WatcherThread [stack: 0xb4dcb000,0xb4e4c000] [id=23980]

VM state:synchronizing (normal execution)

VM Mutex/Monitor currently owned by a thread:  ([mutex/lock_event])
[0x08b8b190] Safepoint_lock - owner thread: 0x08bb9800
[0x08b8b1f8] Threads_lock - owner thread: 0x08bb9800
[0x08b8b608] Heap_lock - owner thread: 0xb5213800

Heap
 def new generation   total 4928K, used 4566K [0x6f830000, 0x6fd80000, 0x7a2d0000)
  eden space 4416K,  99% used [0x6f830000, 0x6fc7f0c0, 0x6fc80000)
  from space 512K,  30% used [0x6fd00000, 0x6fd26998, 0x6fd80000)
  to   space 512K,   0% used [0x6fc80000, 0x6fc80000, 0x6fd00000)
 tenured generation   total 10944K, used 6061K [0x7a2d0000, 0x7ad80000, 0x8f830000)
   the space 10944K,  55% used [0x7a2d0000, 0x7a8bb5e8, 0x7a8bb600, 0x7ad80000)
 compacting perm gen  total 16384K, used 16159K [0x8f830000, 0x90830000, 0x93830000)
   the space 16384K,  98% used [0x8f830000, 0x907f7fd8, 0x907f8000, 0x90830000)
    ro space 10240K,  73% used [0x93830000, 0x93f90da0, 0x93f90e00, 0x94230000)
    rw space 12288K,  60% used [0x94230000, 0x9497a478, 0x9497a600, 0x94e30000)

Code Cache  [0xb586a000, 0xb5a7a000, 0xb786a000)
 total_blobs=1274 nmethods=1101 adapters=108 free_code_cache=31423424 largest_free_block=192

Dynamic libraries:
00110000-001ee000 r-xp 00000000 08:01 792108     /usr/lib/i386-linux-gnu/libstdc++.so.6.0.16
001ee000-001ef000 ---p 000de000 08:01 792108     /usr/lib/i386-linux-gnu/libstdc++.so.6.0.16
001ef000-001f3000 r--p 000de000 08:01 792108     /usr/lib/i386-linux-gnu/libstdc++.so.6.0.16
001f3000-001f4000 rw-p 000e2000 08:01 792108     /usr/lib/i386-linux-gnu/libstdc++.so.6.0.16
001f4000-001fb000 rw-p 00000000 00:00 0 
001fb000-00210000 r-xp 00000000 08:01 1049545    /lib/i386-linux-gnu/libnsl-2.13.so
00210000-00211000 r--p 00015000 08:01 1049545    /lib/i386-linux-gnu/libnsl-2.13.so
00211000-00212000 rw-p 00016000 08:01 1049545    /lib/i386-linux-gnu/libnsl-2.13.so
00212000-00214000 rw-p 00000000 00:00 0 
00214000-0021e000 r-xp 00000000 08:01 1049555    /lib/i386-linux-gnu/libnss_nis-2.13.so
0021e000-0021f000 r--p 00009000 08:01 1049555    /lib/i386-linux-gnu/libnss_nis-2.13.so
0021f000-00220000 rw-p 0000a000 08:01 1049555    /lib/i386-linux-gnu/libnss_nis-2.13.so
00220000-00227000 r-xp 00000000 08:01 936940     /usr/lib/jvm/java-6-openjdk/jre/lib/i386/libzip.so
00227000-00228000 r--p 00006000 08:01 936940     /usr/lib/jvm/java-6-openjdk/jre/lib/i386/libzip.so
00228000-00229000 rw-p 00007000 08:01 936940     /usr/lib/jvm/java-6-openjdk/jre/lib/i386/libzip.so
00229000-0023e000 r-xp 00000000 08:01 936954     /usr/lib/jvm/java-6-openjdk/jre/lib/i386/libnet.so
0023e000-0023f000 r--p 00014000 08:01 936954     /usr/lib/jvm/java-6-openjdk/jre/lib/i386/libnet.so
0023f000-00240000 rw-p 00015000 08:01 936954     /usr/lib/jvm/java-6-openjdk/jre/lib/i386/libnet.so
00240000-00248000 r-xp 00000000 08:01 936941     /usr/lib/jvm/java-6-openjdk/jre/lib/i386/libnio.so
00248000-00249000 r--p 00007000 08:01 936941     /usr/lib/jvm/java-6-openjdk/jre/lib/i386/libnio.so
00249000-0024a000 rw-p 00008000 08:01 936941     /usr/lib/jvm/java-6-openjdk/jre/lib/i386/libnio.so
0025b000-0025f000 r-xp 00000000 08:01 936956     /usr/lib/jvm/java-6-openjdk/jre/lib/i386/jli/libjli.so
0025f000-00260000 r--p 00003000 08:01 936956     /usr/lib/jvm/java-6-openjdk/jre/lib/i386/jli/libjli.so
00260000-00261000 rw-p 00004000 08:01 936956     /usr/lib/jvm/java-6-openjdk/jre/lib/i386/jli/libjli.so
00340000-00368000 r-xp 00000000 08:01 1049540    /lib/i386-linux-gnu/libm-2.13.so
00368000-00369000 r--p 00028000 08:01 1049540    /lib/i386-linux-gnu/libm-2.13.so
00369000-0036a000 rw-p 00029000 08:01 1049540    /lib/i386-linux-gnu/libm-2.13.so
00502000-00528000 r-xp 00000000 08:01 936960     /usr/lib/jvm/java-6-openjdk/jre/lib/i386/libjava.so
00528000-00529000 r--p 00025000 08:01 936960     /usr/lib/jvm/java-6-openjdk/jre/lib/i386/libjava.so
00529000-0052b000 rw-p 00026000 08:01 936960     /usr/lib/jvm/java-6-openjdk/jre/lib/i386/libjava.so
00549000-0054a000 r-xp 00000000 00:00 0          [vdso]
005b2000-005ba000 r-xp 00000000 08:01 1049547    /lib/i386-linux-gnu/libnss_compat-2.13.so
005ba000-005bb000 r--p 00007000 08:01 1049547    /lib/i386-linux-gnu/libnss_compat-2.13.so
005bb000-005bc000 rw-p 00008000 08:01 1049547    /lib/i386-linux-gnu/libnss_compat-2.13.so
00632000-00635000 r-xp 00000000 08:01 1049521    /lib/i386-linux-gnu/libdl-2.13.so
00635000-00636000 r--p 00002000 08:01 1049521    /lib/i386-linux-gnu/libdl-2.13.so
00636000-00637000 rw-p 00003000 08:01 1049521    /lib/i386-linux-gnu/libdl-2.13.so
006ad000-006c4000 r-xp 00000000 08:01 1049570    /lib/i386-linux-gnu/libpthread-2.13.so
006c4000-006c5000 r--p 00016000 08:01 1049570    /lib/i386-linux-gnu/libpthread-2.13.so
006c5000-006c6000 rw-p 00017000 08:01 1049570    /lib/i386-linux-gnu/libpthread-2.13.so
006c6000-006c8000 rw-p 00000000 00:00 0 
006c8000-006e4000 r-xp 00000000 08:01 1049531    /lib/i386-linux-gnu/libgcc_s.so.1
006e4000-006e5000 r--p 0001b000 08:01 1049531    /lib/i386-linux-gnu/libgcc_s.so.1
006e5000-006e6000 rw-p 0001c000 08:01 1049531    /lib/i386-linux-gnu/libgcc_s.so.1
00731000-008a7000 r-xp 00000000 08:01 1049510    /lib/i386-linux-gnu/libc-2.13.so
008a7000-008a9000 r--p 00176000 08:01 1049510    /lib/i386-linux-gnu/libc-2.13.so
008a9000-008aa000 rw-p 00178000 08:01 1049510    /lib/i386-linux-gnu/libc-2.13.so
008aa000-008ad000 rw-p 00000000 00:00 0 
009ce000-009d5000 r-xp 00000000 08:01 1049574    /lib/i386-linux-gnu/librt-2.13.so
009d5000-009d6000 r--p 00006000 08:01 1049574    /lib/i386-linux-gnu/librt-2.13.so
009d6000-009d7000 rw-p 00007000 08:01 1049574    /lib/i386-linux-gnu/librt-2.13.so
00a09000-00a27000 r-xp 00000000 08:01 1049497    /lib/i386-linux-gnu/ld-2.13.so
00a27000-00a28000 r--p 0001d000 08:01 1049497    /lib/i386-linux-gnu/ld-2.13.so
00a28000-00a29000 rw-p 0001e000 08:01 1049497    /lib/i386-linux-gnu/ld-2.13.so
00b0c000-00b17000 r-xp 00000000 08:01 936947     /usr/lib/jvm/java-6-openjdk/jre/lib/i386/libverify.so
00b17000-00b18000 ---p 0000b000 08:01 936947     /usr/lib/jvm/java-6-openjdk/jre/lib/i386/libverify.so
00b18000-00b19000 r--p 0000b000 08:01 936947     /usr/lib/jvm/java-6-openjdk/jre/lib/i386/libverify.so
00b19000-00b1a000 rw-p 0000c000 08:01 936947     /usr/lib/jvm/java-6-openjdk/jre/lib/i386/libverify.so
00d4d000-00d58000 r-xp 00000000 08:01 1049551    /lib/i386-linux-gnu/libnss_files-2.13.so
00d58000-00d59000 r--p 0000a000 08:01 1049551    /lib/i386-linux-gnu/libnss_files-2.13.so
00d59000-00d5a000 rw-p 0000b000 08:01 1049551    /lib/i386-linux-gnu/libnss_files-2.13.so
00dac000-00db3000 r-xp 00000000 08:01 936966     /usr/lib/jvm/java-6-openjdk/jre/lib/i386/libmanagement.so
00db3000-00db4000 r--p 00006000 08:01 936966     /usr/lib/jvm/java-6-openjdk/jre/lib/i386/libmanagement.so
00db4000-00db5000 rw-p 00007000 08:01 936966     /usr/lib/jvm/java-6-openjdk/jre/lib/i386/libmanagement.so
00e72000-00e85000 r-xp 00000000 08:01 1049593    /lib/i386-linux-gnu/libz.so.1.2.3.4
00e85000-00e86000 r--p 00012000 08:01 1049593    /lib/i386-linux-gnu/libz.so.1.2.3.4
00e86000-00e87000 rw-p 00013000 08:01 1049593    /lib/i386-linux-gnu/libz.so.1.2.3.4
00e87000-0139a000 r-xp 00000000 08:01 936967     /usr/lib/jvm/java-6-openjdk/jre/lib/i386/client/libjvm.so
0139a000-013b1000 r--p 00512000 08:01 936967     /usr/lib/jvm/java-6-openjdk/jre/lib/i386/client/libjvm.so
013b1000-013be000 rw-p 00529000 08:01 936967     /usr/lib/jvm/java-6-openjdk/jre/lib/i386/client/libjvm.so
013be000-017d6000 rw-p 00000000 00:00 0 
08048000-08051000 r-xp 00000000 08:01 934838     /usr/lib/jvm/java-6-openjdk/jre/bin/java
08051000-08052000 r--p 00008000 08:01 934838     /usr/lib/jvm/java-6-openjdk/jre/bin/java
08052000-08053000 rw-p 00009000 08:01 934838     /usr/lib/jvm/java-6-openjdk/jre/bin/java
08b85000-0938a000 rw-p 00000000 00:00 0          [heap]
6f830000-6fd80000 rw-p 00000000 00:00 0 
6fd80000-7a2d0000 rw-p 00000000 00:00 0 
7a2d0000-7ad80000 rw-p 00000000 00:00 0 
7ad80000-8f830000 rw-p 00000000 00:00 0 
8f830000-90830000 rw-p 00000000 00:00 0 
90830000-93830000 rw-p 00000000 00:00 0 
93830000-93f91000 r--s 00001000 08:01 935485     /usr/lib/jvm/java-6-openjdk/jre/lib/i386/client/classes.jsa
93f91000-94230000 rw-p 00000000 00:00 0 
94230000-9497b000 rw-p 00762000 08:01 935485     /usr/lib/jvm/java-6-openjdk/jre/lib/i386/client/classes.jsa
9497b000-94e30000 rw-p 00000000 00:00 0 
94e30000-94f2c000 rw-p 00ead000 08:01 935485     /usr/lib/jvm/java-6-openjdk/jre/lib/i386/client/classes.jsa
94f2c000-95230000 rw-p 00000000 00:00 0 
95230000-95238000 r-xs 00fa9000 08:01 935485     /usr/lib/jvm/java-6-openjdk/jre/lib/i386/client/classes.jsa
95238000-95630000 rw-p 00000000 00:00 0 
b2eb0000-b2eb3000 ---p 00000000 00:00 0 
b2eb3000-b2f01000 rw-p 00000000 00:00 0 
b2f01000-b2f04000 ---p 00000000 00:00 0 
b2f04000-b2f52000 rw-p 00000000 00:00 0 
b2f52000-b2f55000 ---p 00000000 00:00 0 
b2f55000-b2fa3000 rw-p 00000000 00:00 0 
b2fa3000-b2fa6000 ---p 00000000 00:00 0 
b2fa6000-b2ff4000 rw-p 00000000 00:00 0 
b2ff4000-b2ff7000 ---p 00000000 00:00 0 
b2ff7000-b3045000 rw-p 00000000 00:00 0 
b3045000-b3048000 ---p 00000000 00:00 0 
b3048000-b3096000 rw-p 00000000 00:00 0 
b3096000-b3099000 ---p 00000000 00:00 0 
b3099000-b30e7000 rw-p 00000000 00:00 0 
b30e7000-b30ea000 ---p 00000000 00:00 0 
b30ea000-b3138000 rw-p 00000000 00:00 0 
b3138000-b313b000 ---p 00000000 00:00 0 
b313b000-b3189000 rw-p 00000000 00:00 0 
b3189000-b318c000 ---p 00000000 00:00 0 
b318c000-b31da000 rw-p 00000000 00:00 0 
b31da000-b31dd000 ---p 00000000 00:00 0 
b31dd000-b322b000 rw-p 00000000 00:00 0 
b322b000-b322e000 ---p 00000000 00:00 0 
b322e000-b327c000 rw-p 00000000 00:00 0 
b327c000-b327f000 ---p 00000000 00:00 0 
b327f000-b32cd000 rw-p 00000000 00:00 0 
b32cd000-b32d0000 ---p 00000000 00:00 0 
b32d0000-b331e000 rw-p 00000000 00:00 0 
b331e000-b3321000 ---p 00000000 00:00 0 
b3321000-b336f000 rw-p 00000000 00:00 0 
b336f000-b3372000 ---p 00000000 00:00 0 
b3372000-b33c0000 rw-p 00000000 00:00 0 
b33c0000-b33c3000 ---p 00000000 00:00 0 
b33c3000-b3411000 rw-p 00000000 00:00 0 
b3411000-b3414000 ---p 00000000 00:00 0 
b3414000-b3462000 rw-p 00000000 00:00 0 
b3462000-b3465000 ---p 00000000 00:00 0 
b3465000-b34b3000 rw-p 00000000 00:00 0 
b34b3000-b34b6000 ---p 00000000 00:00 0 
b34b6000-b3504000 rw-p 00000000 00:00 0 
b3504000-b3507000 ---p 00000000 00:00 0 
b3507000-b3555000 rw-p 00000000 00:00 0 
b3555000-b3558000 ---p 00000000 00:00 0 
b3558000-b35a6000 rw-p 00000000 00:00 0 
b35a6000-b35a9000 ---p 00000000 00:00 0 
b35a9000-b35f7000 rw-p 00000000 00:00 0 
b35f7000-b35fa000 ---p 00000000 00:00 0 
b35fa000-b3648000 rw-p 00000000 00:00 0 
b3648000-b364b000 ---p 00000000 00:00 0 
b364b000-b3699000 rw-p 00000000 00:00 0 
b3699000-b369c000 ---p 00000000 00:00 0 
b369c000-b36ea000 rw-p 00000000 00:00 0 
b36ea000-b36ed000 ---p 00000000 00:00 0 
b36ed000-b373b000 rw-p 00000000 00:00 0 
b373b000-b373e000 ---p 00000000 00:00 0 
b373e000-b378c000 rw-p 00000000 00:00 0 
b378c000-b378f000 ---p 00000000 00:00 0 
b378f000-b37dd000 rw-p 00000000 00:00 0 
b37dd000-b37e0000 ---p 00000000 00:00 0 
b37e0000-b382e000 rw-p 00000000 00:00 0 
b382e000-b3831000 ---p 00000000 00:00 0 
b3831000-b387f000 rw-p 00000000 00:00 0 
b387f000-b3882000 ---p 00000000 00:00 0 
b3882000-b38d0000 rw-p 00000000 00:00 0 
b38d0000-b38d3000 ---p 00000000 00:00 0 
b38d3000-b3921000 rw-p 00000000 00:00 0 
b3921000-b3924000 ---p 00000000 00:00 0 
b3924000-b3972000 rw-p 00000000 00:00 0 
b3972000-b3975000 ---p 00000000 00:00 0 
b3975000-b39c3000 rw-p 00000000 00:00 0 
b39c3000-b39c6000 ---p 00000000 00:00 0 
b39c6000-b3a14000 rw-p 00000000 00:00 0 
b3a14000-b3a17000 ---p 00000000 00:00 0 
b3a17000-b3a65000 rw-p 00000000 00:00 0 
b3a65000-b3a68000 ---p 00000000 00:00 0 
b3a68000-b3ab6000 rw-p 00000000 00:00 0 
b3ab6000-b3ab9000 ---p 00000000 00:00 0 
b3ab9000-b3b07000 rw-p 00000000 00:00 0 
b3b07000-b3b0a000 ---p 00000000 00:00 0 
b3b0a000-b3b58000 rw-p 00000000 00:00 0 
b3b58000-b3b5b000 ---p 00000000 00:00 0 
b3b5b000-b3ba9000 rw-p 00000000 00:00 0 
b3ba9000-b3bac000 ---p 00000000 00:00 0 
b3bac000-b3bfa000 rw-p 00000000 00:00 0 
b3bfa000-b3bfd000 ---p 00000000 00:00 0 
b3bfd000-b3c4b000 rw-p 00000000 00:00 0 
b3c4b000-b3c4e000 ---p 00000000 00:00 0 
b3c4e000-b3c9c000 rw-p 00000000 00:00 0 
b3c9c000-b3c9f000 ---p 00000000 00:00 0 
b3c9f000-b3ced000 rw-p 00000000 00:00 0 
b3ced000-b3cf0000 ---p 00000000 00:00 0 
b3cf0000-b3d3e000 rw-p 00000000 00:00 0 
b3d3e000-b3d41000 ---p 00000000 00:00 0 
b3d41000-b3d8f000 rw-p 00000000 00:00 0 
b3d8f000-b3d92000 ---p 00000000 00:00 0 
b3d92000-b3de0000 rw-p 00000000 00:00 0 
b3de0000-b3de3000 ---p 00000000 00:00 0 
b3de3000-b3e31000 rw-p 00000000 00:00 0 
b3e31000-b3e34000 ---p 00000000 00:00 0 
b3e34000-b3e82000 rw-p 00000000 00:00 0 
b3e82000-b3e85000 ---p 00000000 00:00 0 
b3e85000-b3ed3000 rw-p 00000000 00:00 0 
b3ed3000-b3ed6000 ---p 00000000 00:00 0 
b3ed6000-b3f24000 rw-p 00000000 00:00 0 
b3f24000-b3f27000 ---p 00000000 00:00 0 
b3f27000-b3f75000 rw-p 00000000 00:00 0 
b3f75000-b3f78000 ---p 00000000 00:00 0 
b3f78000-b3fc6000 rw-p 00000000 00:00 0 
b3fc6000-b3fc9000 ---p 00000000 00:00 0 
b3fc9000-b4017000 rw-p 00000000 00:00 0 
b4017000-b401a000 ---p 00000000 00:00 0 
b401a000-b4068000 rw-p 00000000 00:00 0 
b4068000-b406b000 ---p 00000000 00:00 0 
b406b000-b40b9000 rw-p 00000000 00:00 0 
b40b9000-b40bc000 ---p 00000000 00:00 0 
b40bc000-b410a000 rw-p 00000000 00:00 0 
b410a000-b410d000 ---p 00000000 00:00 0 
b410d000-b415b000 rw-p 00000000 00:00 0 
b415b000-b415e000 ---p 00000000 00:00 0 
b415e000-b41ac000 rw-p 00000000 00:00 0 
b41ac000-b41af000 ---p 00000000 00:00 0 
b41af000-b41fd000 rw-p 00000000 00:00 0 
b41fd000-b4200000 ---p 00000000 00:00 0 
b4200000-b424e000 rw-p 00000000 00:00 0 
b424e000-b4251000 ---p 00000000 00:00 0 
b4251000-b429f000 rw-p 00000000 00:00 0 
b429f000-b42a2000 ---p 00000000 00:00 0 
b42a2000-b42f0000 rw-p 00000000 00:00 0 
b42f0000-b42f3000 ---p 00000000 00:00 0 
b42f3000-b4341000 rw-p 00000000 00:00 0 
b4341000-b4344000 ---p 00000000 00:00 0 
b4344000-b4392000 rw-p 00000000 00:00 0 
b4392000-b4395000 ---p 00000000 00:00 0 
b4395000-b43e3000 rw-p 00000000 00:00 0 
b43e3000-b43e6000 ---p 00000000 00:00 0 
b43e6000-b4434000 rw-p 00000000 00:00 0 
b4434000-b4437000 ---p 00000000 00:00 0 
b4437000-b4485000 rw-p 00000000 00:00 0 
b4485000-b4488000 ---p 00000000 00:00 0 
b4488000-b44d6000 rw-p 00000000 00:00 0 
b44d6000-b44d9000 ---p 00000000 00:00 0 
b44d9000-b4527000 rw-p 00000000 00:00 0 
b4527000-b452a000 ---p 00000000 00:00 0 
b452a000-b4578000 rw-p 00000000 00:00 0 
b4578000-b457b000 ---p 00000000 00:00 0 
b457b000-b45c9000 rw-p 00000000 00:00 0 
b45c9000-b45cc000 ---p 00000000 00:00 0 
b45cc000-b461a000 rw-p 00000000 00:00 0 
b461a000-b461d000 ---p 00000000 00:00 0 
b461d000-b466b000 rw-p 00000000 00:00 0 
b466b000-b466e000 ---p 00000000 00:00 0 
b466e000-b46bc000 rw-p 00000000 00:00 0 
b46bc000-b46bf000 ---p 00000000 00:00 0 
b46bf000-b470d000 rw-p 00000000 00:00 0 
b470d000-b4710000 ---p 00000000 00:00 0 
b4710000-b475e000 rw-p 00000000 00:00 0 
b475e000-b4761000 ---p 00000000 00:00 0 
b4761000-b47af000 rw-p 00000000 00:00 0 
b47af000-b47b2000 ---p 00000000 00:00 0 
b47b2000-b4800000 rw-p 00000000 00:00 0 
b4800000-b4884000 rw-p 00000000 00:00 0 
b4884000-b4900000 ---p 00000000 00:00 0 
b4909000-b490c000 ---p 00000000 00:00 0 
b490c000-b495a000 rw-p 00000000 00:00 0 
b495a000-b495d000 ---p 00000000 00:00 0 
b495d000-b49ab000 rw-p 00000000 00:00 0 
b49ab000-b49ae000 ---p 00000000 00:00 0 
b49ae000-b49fc000 rw-p 00000000 00:00 0 
b49fc000-b49ff000 ---p 00000000 00:00 0 
b49ff000-b4a4d000 rw-p 00000000 00:00 0 
b4a4d000-b4a50000 ---p 00000000 00:00 0 
b4a50000-b4a9e000 rw-p 00000000 00:00 0 
b4a9e000-b4aa1000 ---p 00000000 00:00 0 
b4aa1000-b4aef000 rw-p 00000000 00:00 0 
b4aef000-b4af2000 ---p 00000000 00:00 0 
b4af2000-b4b40000 rw-p 00000000 00:00 0 
b4b40000-b4b43000 ---p 00000000 00:00 0 
b4b43000-b4b91000 rw-p 00000000 00:00 0 
b4b91000-b4b94000 ---p 00000000 00:00 0 
b4b94000-b4be2000 rw-p 00000000 00:00 0 
b4be2000-b4be5000 ---p 00000000 00:00 0 
b4be5000-b4c33000 rw-p 00000000 00:00 0 
b4c33000-b4c36000 ---p 00000000 00:00 0 
b4c36000-b4c84000 rw-p 00000000 00:00 0 
b4c84000-b4c87000 ---p 00000000 00:00 0 
b4c87000-b4cd5000 rw-p 00000000 00:00 0 
b4cd5000-b4cd6000 r--s 00004000 08:01 664623     /home/kd52/git/synaps/synaps-storm/target/synaps-storm-2012.08.28.jar
b4cd6000-b4cd7000 r--s 00000000 08:01 665126     /storm-0.8.0/lib/ring-jetty-adapter-0.3.11.jar
b4cd7000-b4cd8000 r--s 00002000 08:01 665131     /storm-0.8.0/lib/slf4j-log4j12-1.5.8.jar
b4cd8000-b4cda000 r--s 0000d000 08:01 665089     /storm-0.8.0/lib/carbonite-1.5.0.jar
b4cda000-b4cdb000 r--s 00001000 08:01 665135     /storm-0.8.0/lib/tools.macro-0.1.0.jar
b4cdb000-b4cea000 r--s 0007c000 08:01 665113     /storm-0.8.0/lib/joda-time-2.0.jar
b4cea000-b4cf1000 r--s 0007d000 08:01 665109     /storm-0.8.0/lib/jetty-6.1.26.jar
b4cf1000-b4cf3000 r--s 00000000 08:01 665121     /storm-0.8.0/lib/math.numeric-tower-0.0.1.jar
b4cf3000-b4cf5000 r--s 00014000 08:01 665112     /storm-0.8.0/lib/jline-0.9.94.jar
b4cf5000-b4cfe000 r--s 0006d000 08:01 665120     /storm-0.8.0/lib/log4j-1.2.16.jar
b4cfe000-b4cff000 r--s 00001000 08:01 665100     /storm-0.8.0/lib/compojure-0.6.4.jar
b4cff000-b4d02000 r--s 00006000 08:01 665115     /storm-0.8.0/lib/jsr305-1.3.9.jar
b4d02000-b4d03000 r--s 00001000 08:01 665134     /storm-0.8.0/lib/tools.logging-0.2.3.jar
b4d03000-b4d08000 r--s 00028000 08:01 665108     /storm-0.8.0/lib/httpcore-4.1.jar
b4d08000-b4d0a000 r--s 0000d000 08:01 665099     /storm-0.8.0/lib/commons-logging-1.1.1.jar
b4d0a000-b4d10000 r--s 0003b000 08:01 665132     /storm-0.8.0/lib/snakeyaml-1.9.jar
b4d10000-b4d12000 r--s 0001f000 08:01 665128     /storm-0.8.0/lib/servlet-api-2.5-20081211.jar
b4d12000-b4d13000 r--s 00002000 08:01 665091     /storm-0.8.0/lib/clj-time-0.4.1.jar
b4d13000-b4d18000 r--s 00040000 08:01 665098     /storm-0.8.0/lib/commons-lang-2.5.jar
b4d18000-b4d1a000 r--s 0000a000 08:01 665083     /storm-0.8.0/lib/asm-4.0.jar
b4d1a000-b4d1b000 r--s 00000000 08:01 665127     /storm-0.8.0/lib/ring-servlet-0.3.11.jar
b4d1b000-b4d22000 r--s 00035000 08:01 665111     /storm-0.8.0/lib/jgrapht-0.8.3.jar
b4d22000-b4d24000 r--s 00018000 08:01 665129     /storm-0.8.0/lib/servlet-api-2.5.jar
b4d24000-b4d42000 r--s 00151000 08:01 665105     /storm-0.8.0/lib/guava-10.0.1.jar
b4d42000-b4d43000 r--s 00005000 08:01 665130     /storm-0.8.0/lib/slf4j-api-1.5.8.jar
b4d43000-b4d44000 r--s 00003000 08:01 665117     /storm-0.8.0/lib/jzmq-2.1.0.jar
b4d44000-b4d46000 r--s 0000d000 08:01 665094     /storm-0.8.0/lib/commons-codec-1.4.jar
b4d46000-b4d49000 r--s 0001b000 08:01 665116     /storm-0.8.0/lib/junit-3.8.1.jar
b4d49000-b4d4c000 r--s 0000c000 08:01 665096     /storm-0.8.0/lib/commons-fileupload-1.2.1.jar
b4d4c000-b4d4e000 r--s 0000b000 08:01 665104     /storm-0.8.0/lib/disruptor-2.10.1.jar
b4d4e000-b4d4f000 r--s 00001000 08:01 665106     /storm-0.8.0/lib/hiccup-0.3.6.jar
b4d4f000-b4d58000 r--s 0008a000 08:01 665136     /storm-0.8.0/lib/zookeeper-3.3.3.jar
b4d58000-b4d5a000 r--s 00007000 08:01 665123     /storm-0.8.0/lib/objenesis-1.2.jar
b4d5a000-b4d5b000 r--s 00003000 08:01 665114     /storm-0.8.0/lib/json-simple-1.1.jar
b4d5b000-b4d5e000 r--s 00018000 08:01 665097     /storm-0.8.0/lib/commons-io-1.4.jar
b4d5e000-b4d60000 r--s 00000000 08:01 665122     /storm-0.8.0/lib/minlog-1.2.jar
b4d60000-b4d64000 r--s 00024000 08:01 665118     /storm-0.8.0/lib/kryo-2.17.jar
b4d64000-b4d66000 r--s 00003000 08:01 665125     /storm-0.8.0/lib/ring-core-0.3.10.jar
b4d66000-b4d6a000 r--s 00015000 08:01 665103     /storm-0.8.0/lib/curator-framework-1.0.1.jar
b4d6a000-b4d6c000 r--s 00005000 08:01 665102     /storm-0.8.0/lib/curator-client-1.0.1.jar
b4d6c000-b4d6d000 r--s 00000000 08:01 665101     /storm-0.8.0/lib/core.incubator-0.1.0.jar
b4d6d000-b4d73000 r--s 00044000 08:01 665119     /storm-0.8.0/lib/libthrift7-0.7.0.jar
b4d73000-b4dcb000 r--s 00429000 08:01 665150     /storm-0.8.0/storm-0.8.0.jar
b4dcb000-b4dcc000 ---p 00000000 00:00 0 
b4dcc000-b4e4c000 rw-p 00000000 00:00 0 
b4e4c000-b4e4f000 ---p 00000000 00:00 0 
b4e4f000-b4e9d000 rw-p 00000000 00:00 0 
b4e9d000-b4ea0000 ---p 00000000 00:00 0 
b4ea0000-b4f1e000 rw-p 00000000 00:00 0 
b4f1e000-b4f21000 ---p 00000000 00:00 0 
b4f21000-b4f6f000 rw-p 00000000 00:00 0 
b4f6f000-b4faf000 r--p 002bd000 08:01 795198     /usr/lib/locale/locale-archive
b4faf000-b51af000 r--p 00000000 08:01 795198     /usr/lib/locale/locale-archive
b51af000-b51b2000 ---p 00000000 00:00 0 
b51b2000-b5200000 rw-p 00000000 00:00 0 
b5200000-b5300000 rw-p 00000000 00:00 0 
b5304000-b5340000 r--s 00308000 08:01 665092     /storm-0.8.0/lib/clojure-1.4.0.jar
b5340000-b5341000 r--s 00000000 08:01 665093     /storm-0.8.0/lib/clout-0.4.1.jar
b5341000-b5349000 r--s 0004e000 08:01 665107     /storm-0.8.0/lib/httpclient-4.1.1.jar
b5349000-b534b000 r--s 0000b000 08:01 665095     /storm-0.8.0/lib/commons-exec-1.1.jar
b534b000-b534f000 r--s 00028000 08:01 665110     /storm-0.8.0/lib/jetty-util-6.1.26.jar
b534f000-b5350000 r--s 00000000 08:01 665133     /storm-0.8.0/lib/tools.cli-0.2.2.jar
b5350000-b5353000 ---p 00000000 00:00 0 
b5353000-b53a1000 rw-p 00000000 00:00 0 
b53a1000-b53a2000 ---p 00000000 00:00 0 
b53a2000-b5455000 rw-p 00000000 00:00 0 
b5455000-b55e5000 r--s 037bc000 08:01 934870     /usr/lib/jvm/java-6-openjdk/jre/lib/rt.jar
b55e5000-b55fb000 rw-p 00000000 00:00 0 
b55fb000-b5613000 rw-p 00000000 00:00 0 
b5613000-b5619000 rw-p 00000000 00:00 0 
b5619000-b56be000 rw-p 00000000 00:00 0 
b56be000-b56c1000 rw-p 00000000 00:00 0 
b56c1000-b5713000 rw-p 00000000 00:00 0 
b5713000-b5719000 rw-p 00000000 00:00 0 
b5719000-b57be000 rw-p 00000000 00:00 0 
b57be000-b57c6000 rw-p 00000000 00:00 0 
b57c6000-b57de000 rw-p 00000000 00:00 0 
b57de000-b57f3000 rw-p 00000000 00:00 0 
b57f3000-b586a000 rw-p 00000000 00:00 0 
b586a000-b5a7a000 rwxp 00000000 00:00 0 
b5a7a000-b786a000 rw-p 00000000 00:00 0 
b786a000-b786d000 ---p 00000000 00:00 0 
b786d000-b78be000 rw-p 00000000 00:00 0 
b78be000-b78c0000 r--s 0000f000 08:01 665124     /storm-0.8.0/lib/reflectasm-1.07-shaded.jar
b78c0000-b78c2000 r--s 0000f000 08:01 936918     /usr/lib/jvm/java-6-openjdk/jre/lib/ext/pulse-java.jar
b78c2000-b78c3000 r--p 0043a000 08:01 795198     /usr/lib/locale/locale-archive
b78c3000-b78cb000 rw-s 00000000 08:01 279424     /tmp/hsperfdata_root/23963
b78cb000-b78cc000 rw-p 00000000 00:00 0 
b78cc000-b78cd000 ---p 00000000 00:00 0 
b78cd000-b78cf000 rw-p 00000000 00:00 0 
bfb66000-bfb87000 rw-p 00000000 00:00 0          [stack]

VM Arguments:
jvm_args: -Dstorm.options= -Dstorm.home=/storm-0.8.0 -Djava.library.path=/usr/local/lib:/opt/local/lib:/usr/lib -Dstorm.jar=./target/synaps-storm-2012.08.28.jar 
java_command: com.spcs.synaps.PutMetricTopology
Launcher Type: SUN_STANDARD

Environment Variables:
PATH=/usr/local/sbin:/usr/local/bin:/usr/sbin:/usr/bin:/sbin:/bin:/usr/X11R6/bin
USERNAME=root
LD_LIBRARY_PATH=/usr/lib/jvm/java-6-openjdk/jre/lib/i386/client:/usr/lib/jvm/java-6-openjdk/jre/lib/i386:/usr/lib/jvm/java-6-openjdk/jre/../lib/i386
SHELL=/bin/bash
DISPLAY=:0

Signal Handlers:
SIGSEGV: [libjvm.so+0x3e3850], sa_mask[0]=0x7ffbfeff, sa_flags=0x10000004
SIGBUS: [libjvm.so+0x3e3850], sa_mask[0]=0x7ffbfeff, sa_flags=0x10000004
SIGFPE: [libjvm.so+0x300eb0], sa_mask[0]=0x7ffbfeff, sa_flags=0x10000004
SIGPIPE: [libjvm.so+0x300eb0], sa_mask[0]=0x7ffbfeff, sa_flags=0x10000004
SIGXFSZ: [libjvm.so+0x300eb0], sa_mask[0]=0x7ffbfeff, sa_flags=0x10000004
SIGILL: [libjvm.so+0x300eb0], sa_mask[0]=0x7ffbfeff, sa_flags=0x10000004
SIGUSR1: SIG_DFL, sa_mask[0]=0x00000000, sa_flags=0x00000000
SIGUSR2: [libjvm.so+0x300d40], sa_mask[0]=0x00000000, sa_flags=0x10000004
SIGHUP: [libjvm.so+0x303de0], sa_mask[0]=0x7ffbfeff, sa_flags=0x10000004
SIGINT: [libjvm.so+0x303de0], sa_mask[0]=0x7ffbfeff, sa_flags=0x10000004
SIGTERM: [libjvm.so+0x303de0], sa_mask[0]=0x7ffbfeff, sa_flags=0x10000004
SIGQUIT: [libjvm.so+0x303de0], sa_mask[0]=0x7ffbfeff, sa_flags=0x10000004


---------------  S Y S T E M  ---------------

OS:Ubuntu 11.10 (oneiric)
uname:Linux 3.0.0-12-generic #20-Ubuntu SMP Fri Oct 7 14:50:42 UTC 2011 i686
libc:glibc 2.13 NPTL 2.13 
rlimit: STACK 8192k, CORE 0k, NPROC 28143, NOFILE 4096, AS infinity
load average:0.52 0.19 1.18

/proc/meminfo:
MemTotal:        3616396 kB
MemFree:         2394788 kB
Buffers:           37044 kB
Cached:           244348 kB
SwapCached:        30116 kB
Active:           667804 kB
Inactive:         239608 kB
Active(anon):     576284 kB
Inactive(anon):    69764 kB
Active(file):      91520 kB
Inactive(file):   169844 kB
Unevictable:      256212 kB
Mlocked:          256212 kB
HighTotal:       2760648 kB
HighFree:        1726452 kB
LowTotal:         855748 kB
LowFree:          668336 kB
SwapTotal:        522236 kB
SwapFree:         363196 kB
Dirty:               640 kB
Writeback:             0 kB
AnonPages:        865944 kB
Mapped:            67324 kB
Shmem:              8608 kB
Slab:              30756 kB
SReclaimable:      14504 kB
SUnreclaim:        16252 kB
KernelStack:        5024 kB
PageTables:         8156 kB
NFS_Unstable:          0 kB
Bounce:                0 kB
WritebackTmp:          0 kB
CommitLimit:     2330432 kB
Committed_AS:    2609992 kB
VmallocTotal:     122880 kB
VmallocUsed:       57112 kB
VmallocChunk:      60732 kB
HardwareCorrupted:     0 kB
AnonHugePages:         0 kB
HugePages_Total:       0
HugePages_Free:        0
HugePages_Rsvd:        0
HugePages_Surp:        0
Hugepagesize:       4096 kB
DirectMap4k:       12280 kB
DirectMap4M:      897024 kB


CPU:total 8 (8 cores per cpu, 1 threads per core) family 6 model 42 stepping 7, cmov, cx8, fxsr, mmx, sse, sse2, sse3, ssse3

Memory: 4k page, physical 3616396k(2394788k free), swap 522236k(363196k free)

vm_info: OpenJDK Client VM (20.0-b12) for linux-x86 JRE (1.6.0_24-b24), built on Jun 28 2012 20:48:09 by "buildd" with gcc 4.6.1

time: Tue Aug 28 17:51:03 2012
elapsed time: 10 seconds

